[debug] [2026-01-23T23:13:23.844Z] ----------------------------------------------------------------------
[debug] [2026-01-23T23:13:23.846Z] Command:       /Users/yoss/.nvm/versions/node/v22.13.0/bin/node /Users/yoss/.nvm/versions/node/v22.13.0/bin/firebase deploy --only functions
[debug] [2026-01-23T23:13:23.846Z] CLI Version:   14.9.0
[debug] [2026-01-23T23:13:23.846Z] Platform:      darwin
[debug] [2026-01-23T23:13:23.846Z] Node Version:  v22.13.0
[debug] [2026-01-23T23:13:23.846Z] Time:          Sat Jan 24 2026 00:13:23 GMT+0100 (heure normale d’Europe centrale)
[debug] [2026-01-23T23:13:23.846Z] ----------------------------------------------------------------------
[debug] 
[debug] [2026-01-23T23:13:23.957Z] > command requires scopes: ["email","openid","https://www.googleapis.com/auth/cloudplatformprojects.readonly","https://www.googleapis.com/auth/firebase","https://www.googleapis.com/auth/cloud-platform"]
[debug] [2026-01-23T23:13:23.957Z] > authorizing via signed-in user (yohannes.moussouamy@gmail.com)
[debug] [2026-01-23T23:13:23.957Z] [iam] checking project samaye-53723 for permissions ["cloudfunctions.functions.create","cloudfunctions.functions.delete","cloudfunctions.functions.get","cloudfunctions.functions.list","cloudfunctions.functions.update","cloudfunctions.operations.get","firebase.projects.get"]
[debug] [2026-01-23T23:13:23.958Z] Checked if tokens are valid: true, expires at: 1769213369243
[debug] [2026-01-23T23:13:23.958Z] Checked if tokens are valid: true, expires at: 1769213369243
[debug] [2026-01-23T23:13:23.958Z] >>> [apiv2][query] POST https://cloudresourcemanager.googleapis.com/v1/projects/samaye-53723:testIamPermissions [none]
[debug] [2026-01-23T23:13:23.958Z] >>> [apiv2][(partial)header] POST https://cloudresourcemanager.googleapis.com/v1/projects/samaye-53723:testIamPermissions x-goog-quota-user=projects/samaye-53723
[debug] [2026-01-23T23:13:23.958Z] >>> [apiv2][body] POST https://cloudresourcemanager.googleapis.com/v1/projects/samaye-53723:testIamPermissions {"permissions":["cloudfunctions.functions.create","cloudfunctions.functions.delete","cloudfunctions.functions.get","cloudfunctions.functions.list","cloudfunctions.functions.update","cloudfunctions.operations.get","firebase.projects.get"]}
[debug] [2026-01-23T23:13:24.601Z] <<< [apiv2][status] POST https://cloudresourcemanager.googleapis.com/v1/projects/samaye-53723:testIamPermissions 200
[debug] [2026-01-23T23:13:24.601Z] <<< [apiv2][body] POST https://cloudresourcemanager.googleapis.com/v1/projects/samaye-53723:testIamPermissions {"permissions":["cloudfunctions.functions.create","cloudfunctions.functions.delete","cloudfunctions.functions.get","cloudfunctions.functions.list","cloudfunctions.functions.update","cloudfunctions.operations.get","firebase.projects.get"]}
[debug] [2026-01-23T23:13:24.602Z] Checked if tokens are valid: true, expires at: 1769213369243
[debug] [2026-01-23T23:13:24.602Z] Checked if tokens are valid: true, expires at: 1769213369243
[debug] [2026-01-23T23:13:24.602Z] >>> [apiv2][query] POST https://iam.googleapis.com/v1/projects/samaye-53723/serviceAccounts/samaye-53723@appspot.gserviceaccount.com:testIamPermissions [none]
[debug] [2026-01-23T23:13:24.602Z] >>> [apiv2][body] POST https://iam.googleapis.com/v1/projects/samaye-53723/serviceAccounts/samaye-53723@appspot.gserviceaccount.com:testIamPermissions {"permissions":["iam.serviceAccounts.actAs"]}
[debug] [2026-01-23T23:13:25.328Z] <<< [apiv2][status] POST https://iam.googleapis.com/v1/projects/samaye-53723/serviceAccounts/samaye-53723@appspot.gserviceaccount.com:testIamPermissions 200
[debug] [2026-01-23T23:13:25.328Z] <<< [apiv2][body] POST https://iam.googleapis.com/v1/projects/samaye-53723/serviceAccounts/samaye-53723@appspot.gserviceaccount.com:testIamPermissions {"permissions":["iam.serviceAccounts.actAs"]}
[info] 
[info] === Deploying to 'samaye-53723'...
[info] 
[info] i  deploying functions 
[debug] [2026-01-23T23:13:25.331Z] Checked if tokens are valid: true, expires at: 1769213369243
[debug] [2026-01-23T23:13:25.331Z] Checked if tokens are valid: true, expires at: 1769213369243
[debug] [2026-01-23T23:13:25.331Z] >>> [apiv2][query] GET https://cloudresourcemanager.googleapis.com/v1/projects/samaye-53723 [none]
[debug] [2026-01-23T23:13:25.509Z] <<< [apiv2][status] GET https://cloudresourcemanager.googleapis.com/v1/projects/samaye-53723 200
[debug] [2026-01-23T23:13:25.509Z] <<< [apiv2][body] GET https://cloudresourcemanager.googleapis.com/v1/projects/samaye-53723 {"projectNumber":"222899144223","projectId":"samaye-53723","lifecycleState":"ACTIVE","name":"Samaye","labels":{"firebase":"enabled","firebase-core":"disabled"},"createTime":"2025-08-30T10:49:28.197768Z"}
[info] i  functions: preparing codebase default for deployment 
[info] i  functions: ensuring required API cloudfunctions.googleapis.com is enabled... 
[info] i  functions: ensuring required API cloudbuild.googleapis.com is enabled... 
[info] i  artifactregistry: ensuring required API artifactregistry.googleapis.com is enabled... 
[debug] [2026-01-23T23:13:25.511Z] Checked if tokens are valid: true, expires at: 1769213369243
[debug] [2026-01-23T23:13:25.511Z] Checked if tokens are valid: true, expires at: 1769213369243
[debug] [2026-01-23T23:13:25.512Z] >>> [apiv2][query] GET https://firebase.googleapis.com/v1beta1/projects/samaye-53723/adminSdkConfig [none]
[debug] [2026-01-23T23:13:25.818Z] <<< [apiv2][status] GET https://firebase.googleapis.com/v1beta1/projects/samaye-53723/adminSdkConfig 200
[debug] [2026-01-23T23:13:25.818Z] <<< [apiv2][body] GET https://firebase.googleapis.com/v1beta1/projects/samaye-53723/adminSdkConfig {"projectId":"samaye-53723","databaseURL":"https://samaye-53723-default-rtdb.firebaseio.com","storageBucket":"samaye-53723.firebasestorage.app"}
[debug] [2026-01-23T23:13:25.818Z] Checked if tokens are valid: true, expires at: 1769213369243
[debug] [2026-01-23T23:13:25.818Z] Checked if tokens are valid: true, expires at: 1769213369243
[debug] [2026-01-23T23:13:25.818Z] >>> [apiv2][query] GET https://runtimeconfig.googleapis.com/v1beta1/projects/samaye-53723/configs [none]
[debug] [2026-01-23T23:13:26.059Z] <<< [apiv2][status] GET https://runtimeconfig.googleapis.com/v1beta1/projects/samaye-53723/configs 200
[debug] [2026-01-23T23:13:26.059Z] <<< [apiv2][body] GET https://runtimeconfig.googleapis.com/v1beta1/projects/samaye-53723/configs {}
[debug] [2026-01-23T23:13:26.061Z] Validating nodejs source
[warn] ⚠  functions: package.json indicates an outdated version of firebase-functions. Please upgrade using npm install --save firebase-functions@latest in your functions directory. 
[warn] ⚠  functions: Please note that there will be breaking changes when you upgrade. 
[debug] [2026-01-23T23:13:26.519Z] > [functions] package.json contents: {
  "name": "suivibaby-functions",
  "private": true,
  "engines": {
    "node": "20"
  },
  "main": "index.js",
  "scripts": {
    "deploy": "firebase deploy --only functions"
  },
  "dependencies": {
    "firebase-admin": "^12.7.0",
    "firebase-functions": "^4.9.0"
  }
}
[debug] [2026-01-23T23:13:26.519Z] Building nodejs source
[info] i  functions: Loading and analyzing source code for codebase default to determine what to deploy 
[info] i  functions: You are using a version of firebase-functions SDK (4.9.0) that does not have support for the newest Firebase Extensions features. Please update firebase-functions SDK to >=5.1.0 to use them correctly 
[debug] [2026-01-23T23:13:26.520Z] Could not find functions.yaml. Must use http discovery
[debug] [2026-01-23T23:13:26.528Z] Found firebase-functions binary at '/Users/yoss/Projets/SuiviBaby/functions/node_modules/.bin/firebase-functions'
[info] Serving at port 8926

[debug] [2026-01-23T23:13:26.859Z] Got response from /__/functions.yaml {"endpoints":{"cleanupExpiredShareCodes":{"availableMemoryMb":null,"timeoutSeconds":null,"minInstances":null,"maxInstances":null,"ingressSettings":null,"concurrency":null,"serviceAccountEmail":null,"vpc":null,"platform":"gcfv2","labels":{},"scheduleTrigger":{"schedule":"every 24 hours","retryConfig":{"retryCount":null,"maxDoublings":null,"maxRetrySeconds":null,"minBackoffSeconds":null,"maxBackoffSeconds":null},"timeZone":null},"entryPoint":"cleanupExpiredShareCodes"}},"specVersion":"v1alpha1","requiredAPIs":[{"api":"cloudscheduler.googleapis.com","reason":"Needed for scheduled functions."}]}
[info] i  functions: preparing functions directory for uploading... 
[info] i  functions: packaged /Users/yoss/Projets/SuiviBaby/functions (29.22 KB) for uploading 
[debug] [2026-01-23T23:13:30.909Z] Checked if tokens are valid: true, expires at: 1769213369243
[debug] [2026-01-23T23:13:30.909Z] Checked if tokens are valid: true, expires at: 1769213369243
[debug] [2026-01-23T23:13:30.909Z] >>> [apiv2][query] GET https://cloudfunctions.googleapis.com/v1/projects/samaye-53723/locations/-/functions [none]
[debug] [2026-01-23T23:13:31.475Z] <<< [apiv2][status] GET https://cloudfunctions.googleapis.com/v1/projects/samaye-53723/locations/-/functions 200
[debug] [2026-01-23T23:13:31.475Z] <<< [apiv2][body] GET https://cloudfunctions.googleapis.com/v1/projects/samaye-53723/locations/-/functions {}
[debug] [2026-01-23T23:13:31.476Z] Checked if tokens are valid: true, expires at: 1769213369243
[debug] [2026-01-23T23:13:31.476Z] Checked if tokens are valid: true, expires at: 1769213369243
[debug] [2026-01-23T23:13:31.476Z] >>> [apiv2][query] GET https://cloudfunctions.googleapis.com/v2/projects/samaye-53723/locations/-/functions filter=environment%3D%22GEN_2%22
[debug] [2026-01-23T23:13:32.455Z] <<< [apiv2][status] GET https://cloudfunctions.googleapis.com/v2/projects/samaye-53723/locations/-/functions 200
[debug] [2026-01-23T23:13:32.455Z] <<< [apiv2][body] GET https://cloudfunctions.googleapis.com/v2/projects/samaye-53723/locations/-/functions {}
[info] i  functions: ensuring required API cloudscheduler.googleapis.com is enabled... 
[debug] [2026-01-23T23:13:32.458Z] Checked if tokens are valid: true, expires at: 1769213369243
[debug] [2026-01-23T23:13:32.458Z] Checked if tokens are valid: true, expires at: 1769213369243
[debug] [2026-01-23T23:13:32.458Z] >>> [apiv2][query] GET https://serviceusage.googleapis.com/v1/projects/222899144223/services/cloudscheduler.googleapis.com [none]
[debug] [2026-01-23T23:13:32.458Z] >>> [apiv2][(partial)header] GET https://serviceusage.googleapis.com/v1/projects/222899144223/services/cloudscheduler.googleapis.com x-goog-quota-user=projects/222899144223
[debug] [2026-01-23T23:13:33.322Z] <<< [apiv2][status] GET https://serviceusage.googleapis.com/v1/projects/222899144223/services/cloudscheduler.googleapis.com 200
[debug] [2026-01-23T23:13:33.322Z] <<< [apiv2][body] GET https://serviceusage.googleapis.com/v1/projects/222899144223/services/cloudscheduler.googleapis.com [omitted]
[warn] ⚠  functions: missing required API cloudscheduler.googleapis.com. Enabling now... 
[debug] [2026-01-23T23:13:33.323Z] Checked if tokens are valid: true, expires at: 1769213369243
[debug] [2026-01-23T23:13:33.323Z] Checked if tokens are valid: true, expires at: 1769213369243
[debug] [2026-01-23T23:13:33.323Z] >>> [apiv2][query] POST https://serviceusage.googleapis.com/v1/projects/222899144223/services/cloudscheduler.googleapis.com:enable [none]
[debug] [2026-01-23T23:13:33.323Z] >>> [apiv2][(partial)header] POST https://serviceusage.googleapis.com/v1/projects/222899144223/services/cloudscheduler.googleapis.com:enable x-goog-quota-user=projects/222899144223
[debug] [2026-01-23T23:13:34.348Z] <<< [apiv2][status] POST https://serviceusage.googleapis.com/v1/projects/222899144223/services/cloudscheduler.googleapis.com:enable 200
[debug] [2026-01-23T23:13:34.349Z] <<< [apiv2][body] POST https://serviceusage.googleapis.com/v1/projects/222899144223/services/cloudscheduler.googleapis.com:enable [omitted]
[info] i  functions: ensuring required API run.googleapis.com is enabled... 
[debug] [2026-01-23T23:13:44.365Z] Checked if tokens are valid: true, expires at: 1769213369243
[debug] [2026-01-23T23:13:44.366Z] Checked if tokens are valid: true, expires at: 1769213369243
[info] i  functions: ensuring required API eventarc.googleapis.com is enabled... 
[debug] [2026-01-23T23:13:44.366Z] Checked if tokens are valid: true, expires at: 1769213369243
[debug] [2026-01-23T23:13:44.366Z] Checked if tokens are valid: true, expires at: 1769213369243
[info] i  functions: ensuring required API pubsub.googleapis.com is enabled... 
[debug] [2026-01-23T23:13:44.366Z] Checked if tokens are valid: true, expires at: 1769213369243
[debug] [2026-01-23T23:13:44.367Z] Checked if tokens are valid: true, expires at: 1769213369243
[info] i  functions: ensuring required API storage.googleapis.com is enabled... 
[debug] [2026-01-23T23:13:44.367Z] Checked if tokens are valid: true, expires at: 1769213369243
[debug] [2026-01-23T23:13:44.367Z] Checked if tokens are valid: true, expires at: 1769213369243
[debug] [2026-01-23T23:13:44.368Z] >>> [apiv2][query] GET https://serviceusage.googleapis.com/v1/projects/222899144223/services/run.googleapis.com [none]
[debug] [2026-01-23T23:13:44.368Z] >>> [apiv2][(partial)header] GET https://serviceusage.googleapis.com/v1/projects/222899144223/services/run.googleapis.com x-goog-quota-user=projects/222899144223
[debug] [2026-01-23T23:13:44.370Z] >>> [apiv2][query] GET https://serviceusage.googleapis.com/v1/projects/222899144223/services/eventarc.googleapis.com [none]
[debug] [2026-01-23T23:13:44.370Z] >>> [apiv2][(partial)header] GET https://serviceusage.googleapis.com/v1/projects/222899144223/services/eventarc.googleapis.com x-goog-quota-user=projects/222899144223
[debug] [2026-01-23T23:13:44.372Z] >>> [apiv2][query] GET https://serviceusage.googleapis.com/v1/projects/222899144223/services/pubsub.googleapis.com [none]
[debug] [2026-01-23T23:13:44.372Z] >>> [apiv2][(partial)header] GET https://serviceusage.googleapis.com/v1/projects/222899144223/services/pubsub.googleapis.com x-goog-quota-user=projects/222899144223
[debug] [2026-01-23T23:13:44.374Z] >>> [apiv2][query] GET https://serviceusage.googleapis.com/v1/projects/222899144223/services/storage.googleapis.com [none]
[debug] [2026-01-23T23:13:44.374Z] >>> [apiv2][(partial)header] GET https://serviceusage.googleapis.com/v1/projects/222899144223/services/storage.googleapis.com x-goog-quota-user=projects/222899144223
[debug] [2026-01-23T23:13:45.242Z] <<< [apiv2][status] GET https://serviceusage.googleapis.com/v1/projects/222899144223/services/storage.googleapis.com 200
[debug] [2026-01-23T23:13:45.242Z] <<< [apiv2][body] GET https://serviceusage.googleapis.com/v1/projects/222899144223/services/storage.googleapis.com [omitted]
[info] ✔  functions: required API storage.googleapis.com is enabled 
[debug] [2026-01-23T23:13:45.250Z] <<< [apiv2][status] GET https://serviceusage.googleapis.com/v1/projects/222899144223/services/pubsub.googleapis.com 200
[debug] [2026-01-23T23:13:45.251Z] <<< [apiv2][body] GET https://serviceusage.googleapis.com/v1/projects/222899144223/services/pubsub.googleapis.com [omitted]
[info] ✔  functions: required API pubsub.googleapis.com is enabled 
[debug] [2026-01-23T23:13:45.256Z] <<< [apiv2][status] GET https://serviceusage.googleapis.com/v1/projects/222899144223/services/run.googleapis.com 200
[debug] [2026-01-23T23:13:45.257Z] <<< [apiv2][body] GET https://serviceusage.googleapis.com/v1/projects/222899144223/services/run.googleapis.com [omitted]
[warn] ⚠  functions: missing required API run.googleapis.com. Enabling now... 
[debug] [2026-01-23T23:13:45.257Z] Checked if tokens are valid: true, expires at: 1769213369243
[debug] [2026-01-23T23:13:45.257Z] Checked if tokens are valid: true, expires at: 1769213369243
[debug] [2026-01-23T23:13:45.257Z] >>> [apiv2][query] POST https://serviceusage.googleapis.com/v1/projects/222899144223/services/run.googleapis.com:enable [none]
[debug] [2026-01-23T23:13:45.257Z] >>> [apiv2][(partial)header] POST https://serviceusage.googleapis.com/v1/projects/222899144223/services/run.googleapis.com:enable x-goog-quota-user=projects/222899144223
[debug] [2026-01-23T23:13:45.262Z] <<< [apiv2][status] GET https://serviceusage.googleapis.com/v1/projects/222899144223/services/eventarc.googleapis.com 200
[debug] [2026-01-23T23:13:45.262Z] <<< [apiv2][body] GET https://serviceusage.googleapis.com/v1/projects/222899144223/services/eventarc.googleapis.com [omitted]
[warn] ⚠  functions: missing required API eventarc.googleapis.com. Enabling now... 
[debug] [2026-01-23T23:13:45.262Z] Checked if tokens are valid: true, expires at: 1769213369243
[debug] [2026-01-23T23:13:45.262Z] Checked if tokens are valid: true, expires at: 1769213369243
[debug] [2026-01-23T23:13:45.262Z] >>> [apiv2][query] POST https://serviceusage.googleapis.com/v1/projects/222899144223/services/eventarc.googleapis.com:enable [none]
[debug] [2026-01-23T23:13:45.262Z] >>> [apiv2][(partial)header] POST https://serviceusage.googleapis.com/v1/projects/222899144223/services/eventarc.googleapis.com:enable x-goog-quota-user=projects/222899144223
[debug] [2026-01-23T23:13:45.973Z] <<< [apiv2][status] POST https://serviceusage.googleapis.com/v1/projects/222899144223/services/eventarc.googleapis.com:enable 200
[debug] [2026-01-23T23:13:45.973Z] <<< [apiv2][body] POST https://serviceusage.googleapis.com/v1/projects/222899144223/services/eventarc.googleapis.com:enable [omitted]
[debug] [2026-01-23T23:13:46.587Z] <<< [apiv2][status] POST https://serviceusage.googleapis.com/v1/projects/222899144223/services/run.googleapis.com:enable 200
[debug] [2026-01-23T23:13:46.587Z] <<< [apiv2][body] POST https://serviceusage.googleapis.com/v1/projects/222899144223/services/run.googleapis.com:enable [omitted]
[info] i  functions: generating the service identity for pubsub.googleapis.com... 
[debug] [2026-01-23T23:13:56.599Z] Checked if tokens are valid: true, expires at: 1769213369243
[debug] [2026-01-23T23:13:56.599Z] Checked if tokens are valid: true, expires at: 1769213369243
[info] i  functions: generating the service identity for eventarc.googleapis.com... 
[debug] [2026-01-23T23:13:56.599Z] Checked if tokens are valid: true, expires at: 1769213369243
[debug] [2026-01-23T23:13:56.599Z] Checked if tokens are valid: true, expires at: 1769213369243
[debug] [2026-01-23T23:13:56.600Z] >>> [apiv2][query] POST https://serviceusage.googleapis.com/v1beta1/projects/222899144223/services/pubsub.googleapis.com:generateServiceIdentity [none]
[debug] [2026-01-23T23:13:56.600Z] >>> [apiv2][(partial)header] POST https://serviceusage.googleapis.com/v1beta1/projects/222899144223/services/pubsub.googleapis.com:generateServiceIdentity x-goog-quota-user=projects/222899144223
[debug] [2026-01-23T23:13:56.600Z] >>> [apiv2][body] POST https://serviceusage.googleapis.com/v1beta1/projects/222899144223/services/pubsub.googleapis.com:generateServiceIdentity {}
[debug] [2026-01-23T23:13:56.603Z] >>> [apiv2][query] POST https://serviceusage.googleapis.com/v1beta1/projects/222899144223/services/eventarc.googleapis.com:generateServiceIdentity [none]
[debug] [2026-01-23T23:13:56.603Z] >>> [apiv2][(partial)header] POST https://serviceusage.googleapis.com/v1beta1/projects/222899144223/services/eventarc.googleapis.com:generateServiceIdentity x-goog-quota-user=projects/222899144223
[debug] [2026-01-23T23:13:56.604Z] >>> [apiv2][body] POST https://serviceusage.googleapis.com/v1beta1/projects/222899144223/services/eventarc.googleapis.com:generateServiceIdentity {}
[debug] [2026-01-23T23:13:57.404Z] <<< [apiv2][status] POST https://serviceusage.googleapis.com/v1beta1/projects/222899144223/services/pubsub.googleapis.com:generateServiceIdentity 200
[debug] [2026-01-23T23:13:57.404Z] <<< [apiv2][body] POST https://serviceusage.googleapis.com/v1beta1/projects/222899144223/services/pubsub.googleapis.com:generateServiceIdentity {"name":"operations/finished.DONE_OPERATION","done":true,"response":{"@type":"type.googleapis.com/google.api.serviceusage.v1beta1.ServiceIdentity","email":"service-222899144223@gcp-sa-pubsub.iam.gserviceaccount.com","uniqueId":"110272892851794593686"}}
[debug] [2026-01-23T23:13:57.578Z] <<< [apiv2][status] POST https://serviceusage.googleapis.com/v1beta1/projects/222899144223/services/eventarc.googleapis.com:generateServiceIdentity 200
[debug] [2026-01-23T23:13:57.578Z] <<< [apiv2][body] POST https://serviceusage.googleapis.com/v1beta1/projects/222899144223/services/eventarc.googleapis.com:generateServiceIdentity {"name":"operations/finished.DONE_OPERATION","done":true,"response":{"@type":"type.googleapis.com/google.api.serviceusage.v1beta1.ServiceIdentity","email":"service-222899144223@gcp-sa-eventarc.iam.gserviceaccount.com","uniqueId":"107730295762328952861"}}
[debug] [2026-01-23T23:13:57.582Z] Checked if tokens are valid: true, expires at: 1769213369243
[debug] [2026-01-23T23:13:57.582Z] Checked if tokens are valid: true, expires at: 1769213369243
[debug] [2026-01-23T23:13:57.582Z] >>> [apiv2][query] GET https://cloudresourcemanager.googleapis.com/v1/projects/samaye-53723 [none]
[debug] [2026-01-23T23:13:58.262Z] <<< [apiv2][status] GET https://cloudresourcemanager.googleapis.com/v1/projects/samaye-53723 200
[debug] [2026-01-23T23:13:58.262Z] <<< [apiv2][body] GET https://cloudresourcemanager.googleapis.com/v1/projects/samaye-53723 {"projectNumber":"222899144223","projectId":"samaye-53723","lifecycleState":"ACTIVE","name":"Samaye","labels":{"firebase":"enabled","firebase-core":"disabled"},"createTime":"2025-08-30T10:49:28.197768Z"}
[debug] [2026-01-23T23:13:58.263Z] Checked if tokens are valid: true, expires at: 1769213369243
[debug] [2026-01-23T23:13:58.263Z] Checked if tokens are valid: true, expires at: 1769213369243
[debug] [2026-01-23T23:13:58.263Z] >>> [apiv2][query] GET https://compute.googleapis.com/compute/v1/projects/222899144223 [none]
[debug] [2026-01-23T23:13:58.494Z] <<< [apiv2][status] GET https://compute.googleapis.com/compute/v1/projects/222899144223 403
[debug] [2026-01-23T23:13:58.495Z] <<< [apiv2][body] GET https://compute.googleapis.com/compute/v1/projects/222899144223 {"error":{"code":403,"message":"Compute Engine API has not been used in project 222899144223 before or it is disabled. Enable it by visiting https://console.developers.google.com/apis/api/compute.googleapis.com/overview?project=222899144223 then retry. If you enabled this API recently, wait a few minutes for the action to propagate to our systems and retry.","errors":[{"message":"Compute Engine API has not been used in project 222899144223 before or it is disabled. Enable it by visiting https://console.developers.google.com/apis/api/compute.googleapis.com/overview?project=222899144223 then retry. If you enabled this API recently, wait a few minutes for the action to propagate to our systems and retry.","domain":"usageLimits","reason":"accessNotConfigured","extendedHelp":"https://console.developers.google.com"}],"status":"PERMISSION_DENIED","details":[{"@type":"type.googleapis.com/google.rpc.ErrorInfo","reason":"SERVICE_DISABLED","domain":"googleapis.com","metadata":{"containerInfo":"222899144223","serviceTitle":"Compute Engine API","activationUrl":"https://console.developers.google.com/apis/api/compute.googleapis.com/overview?project=222899144223","service":"compute.googleapis.com","consumer":"projects/222899144223"}},{"@type":"type.googleapis.com/google.rpc.LocalizedMessage","locale":"en-US","message":"Compute Engine API has not been used in project 222899144223 before or it is disabled. Enable it by visiting https://console.developers.google.com/apis/api/compute.googleapis.com/overview?project=222899144223 then retry. If you enabled this API recently, wait a few minutes for the action to propagate to our systems and retry."},{"@type":"type.googleapis.com/google.rpc.Help","links":[{"description":"Google developers console API activation","url":"https://console.developers.google.com/apis/api/compute.googleapis.com/overview?project=222899144223"}]}]}}
[debug] [2026-01-23T23:13:58.496Z] unable to look up default compute service account. Falling back to 222899144223-compute@developer.gserviceaccount.com. Error: {"name":"FirebaseError","children":[],"context":{"body":{"error":{"code":403,"message":"Compute Engine API has not been used in project 222899144223 before or it is disabled. Enable it by visiting https://console.developers.google.com/apis/api/compute.googleapis.com/overview?project=222899144223 then retry. If you enabled this API recently, wait a few minutes for the action to propagate to our systems and retry.","errors":[{"message":"Compute Engine API has not been used in project 222899144223 before or it is disabled. Enable it by visiting https://console.developers.google.com/apis/api/compute.googleapis.com/overview?project=222899144223 then retry. If you enabled this API recently, wait a few minutes for the action to propagate to our systems and retry.","domain":"usageLimits","reason":"accessNotConfigured","extendedHelp":"https://console.developers.google.com"}],"status":"PERMISSION_DENIED","details":[{"@type":"type.googleapis.com/google.rpc.ErrorInfo","reason":"SERVICE_DISABLED","domain":"googleapis.com","metadata":{"containerInfo":"222899144223","serviceTitle":"Compute Engine API","activationUrl":"https://console.developers.google.com/apis/api/compute.googleapis.com/overview?project=222899144223","service":"compute.googleapis.com","consumer":"projects/222899144223"}},{"@type":"type.googleapis.com/google.rpc.LocalizedMessage","locale":"en-US","message":"Compute Engine API has not been used in project 222899144223 before or it is disabled. Enable it by visiting https://console.developers.google.com/apis/api/compute.googleapis.com/overview?project=222899144223 then retry. If you enabled this API recently, wait a few minutes for the action to propagate to our systems and retry."},{"@type":"type.googleapis.com/google.rpc.Help","links":[{"description":"Google developers console API activation","url":"https://console.developers.google.com/apis/api/compute.googleapis.com/overview?project=222899144223"}]}]}},"response":{"statusCode":403}},"exit":1,"message":"Request to https://compute.googleapis.com/compute/v1/projects/222899144223 had HTTP Error: 403, Compute Engine API has not been used in project 222899144223 before or it is disabled. Enable it by visiting https://console.developers.google.com/apis/api/compute.googleapis.com/overview?project=222899144223 then retry. If you enabled this API recently, wait a few minutes for the action to propagate to our systems and retry.","status":403}
[debug] [2026-01-23T23:13:58.498Z] Checked if tokens are valid: true, expires at: 1769213369243
[debug] [2026-01-23T23:13:58.498Z] Checked if tokens are valid: true, expires at: 1769213369243
[debug] [2026-01-23T23:13:58.498Z] >>> [apiv2][query] POST https://cloudfunctions.googleapis.com/v2/projects/samaye-53723/locations/us-central1/functions:generateUploadUrl [none]
[debug] [2026-01-23T23:14:00.338Z] <<< [apiv2][status] POST https://cloudfunctions.googleapis.com/v2/projects/samaye-53723/locations/us-central1/functions:generateUploadUrl 200
[debug] [2026-01-23T23:14:00.339Z] <<< [apiv2][body] POST https://cloudfunctions.googleapis.com/v2/projects/samaye-53723/locations/us-central1/functions:generateUploadUrl {"uploadUrl":"https://storage.googleapis.com/gcf-v2-uploads-222899144223.us-central1.cloudfunctions.appspot.com/5ceef22d-2d16-4a24-b48a-d404e4f5d491.zip?GoogleAccessId=service-222899144223@gcf-admin-robot.iam.gserviceaccount.com&Expires=1769211840&Signature=sU9DfuHUzTwilBqwe9TbgK8fRPDT%2FX1oomFdzA7BhMfqmON03S9AZeu3byKmLg4RWsEUmZvVLiCdvl8Vu8Fn29k%2BVvmuhi%2FaKjkwVX7hKpqBmeWSL53vHwQnYIKcQoij7V9xitFjXyiqDZITCltwdwBEwgS9YaAzajNGqkNMavdL%2Fc14cSMTVxRJ%2FQel1m0DUY2WYyhaWSM4VjQhe7viP1wegaXDw0ApZ%2BVELuQmo20w5CJCo1%2B%2BWGoQv3qYQfEK5ECqcVFMSB0GuBOl1DwvUZ6%2FC8uL6OtYgLlUF57SBkpETC8Vh2yd0hF2AbS2qBAMYMOPytX4YkJUSlloo7U3xQ%3D%3D","storageSource":{"bucket":"gcf-v2-uploads-222899144223.us-central1.cloudfunctions.appspot.com","object":"5ceef22d-2d16-4a24-b48a-d404e4f5d491.zip"}}
[debug] [2026-01-23T23:14:00.342Z] >>> [apiv2][query] PUT https://storage.googleapis.com/gcf-v2-uploads-222899144223.us-central1.cloudfunctions.appspot.com/5ceef22d-2d16-4a24-b48a-d404e4f5d491.zip GoogleAccessId=service-222899144223%40gcf-admin-robot.iam.gserviceaccount.com&Expires=1769211840&Signature=sU9DfuHUzTwilBqwe9TbgK8fRPDT%2FX1oomFdzA7BhMfqmON03S9AZeu3byKmLg4RWsEUmZvVLiCdvl8Vu8Fn29k%2BVvmuhi%2FaKjkwVX7hKpqBmeWSL53vHwQnYIKcQoij7V9xitFjXyiqDZITCltwdwBEwgS9YaAzajNGqkNMavdL%2Fc14cSMTVxRJ%2FQel1m0DUY2WYyhaWSM4VjQhe7viP1wegaXDw0ApZ%2BVELuQmo20w5CJCo1%2B%2BWGoQv3qYQfEK5ECqcVFMSB0GuBOl1DwvUZ6%2FC8uL6OtYgLlUF57SBkpETC8Vh2yd0hF2AbS2qBAMYMOPytX4YkJUSlloo7U3xQ%3D%3D
[debug] [2026-01-23T23:14:00.342Z] >>> [apiv2][body] PUT https://storage.googleapis.com/gcf-v2-uploads-222899144223.us-central1.cloudfunctions.appspot.com/5ceef22d-2d16-4a24-b48a-d404e4f5d491.zip [stream]
[debug] [2026-01-23T23:14:01.208Z] <<< [apiv2][status] PUT https://storage.googleapis.com/gcf-v2-uploads-222899144223.us-central1.cloudfunctions.appspot.com/5ceef22d-2d16-4a24-b48a-d404e4f5d491.zip 200
[debug] [2026-01-23T23:14:01.208Z] <<< [apiv2][body] PUT https://storage.googleapis.com/gcf-v2-uploads-222899144223.us-central1.cloudfunctions.appspot.com/5ceef22d-2d16-4a24-b48a-d404e4f5d491.zip [omitted]
[info] ✔  functions: functions folder uploaded successfully 
[info] i  functions: creating Node.js 20 (2nd Gen) function cleanupExpiredShareCodes(us-central1)... 
[debug] [2026-01-23T23:14:01.221Z] Checked if tokens are valid: true, expires at: 1769213369243
[debug] [2026-01-23T23:14:01.221Z] Checked if tokens are valid: true, expires at: 1769213369243
[debug] [2026-01-23T23:14:01.221Z] >>> [apiv2][query] POST https://cloudfunctions.googleapis.com/v2/projects/samaye-53723/locations/us-central1/functions functionId=cleanupExpiredShareCodes
[debug] [2026-01-23T23:14:01.221Z] >>> [apiv2][body] POST https://cloudfunctions.googleapis.com/v2/projects/samaye-53723/locations/us-central1/functions {"name":"projects/samaye-53723/locations/us-central1/functions/cleanupExpiredShareCodes","buildConfig":{"runtime":"nodejs20","entryPoint":"cleanupExpiredShareCodes","source":{"storageSource":{"bucket":"gcf-v2-uploads-222899144223.us-central1.cloudfunctions.appspot.com","object":"5ceef22d-2d16-4a24-b48a-d404e4f5d491.zip"}},"environmentVariables":{"GOOGLE_NODE_RUN_SCRIPTS":""}},"serviceConfig":{"environmentVariables":{"FIREBASE_CONFIG":"{\"projectId\":\"samaye-53723\",\"databaseURL\":\"https://samaye-53723-default-rtdb.firebaseio.com\",\"storageBucket\":\"samaye-53723.firebasestorage.app\"}","GCLOUD_PROJECT":"samaye-53723","EVENTARC_CLOUD_EVENT_SOURCE":"projects/samaye-53723/locations/us-central1/services/cleanupExpiredShareCodes","FUNCTION_TARGET":"cleanupExpiredShareCodes","LOG_EXECUTION_ID":"true"},"ingressSettings":null,"timeoutSeconds":null,"serviceAccountEmail":null,"availableMemory":"256Mi","minInstanceCount":null,"maxInstanceCount":null,"maxInstanceRequestConcurrency":80,"availableCpu":"1","vpcConnector":null,"vpcConnectorEgressSettings":null},"labels":{"deployment-tool":"cli-firebase","deployment-scheduled":"true","firebase-functions-hash":"89e47f3b1d0c543aa4575a9637385f82657ebdad"}}
[debug] [2026-01-23T23:14:04.041Z] <<< [apiv2][status] POST https://cloudfunctions.googleapis.com/v2/projects/samaye-53723/locations/us-central1/functions 200
[debug] [2026-01-23T23:14:04.042Z] <<< [apiv2][body] POST https://cloudfunctions.googleapis.com/v2/projects/samaye-53723/locations/us-central1/functions {"name":"projects/samaye-53723/locations/us-central1/operations/operation-1769210041846-649165013cab8-1609ba46-9ea79a87","metadata":{"@type":"type.googleapis.com/google.cloud.functions.v2.OperationMetadata","createTime":"2026-01-23T23:14:03.872885861Z","target":"projects/samaye-53723/locations/us-central1/functions/cleanupExpiredShareCodes","verb":"create","cancelRequested":false,"apiVersion":"v2"},"done":false}
[debug] [2026-01-23T23:14:04.043Z] Checked if tokens are valid: true, expires at: 1769213369243
[debug] [2026-01-23T23:14:04.043Z] Checked if tokens are valid: true, expires at: 1769213369243
[debug] [2026-01-23T23:14:04.044Z] >>> [apiv2][query] GET https://cloudfunctions.googleapis.com/v2/projects/samaye-53723/locations/us-central1/operations/operation-1769210041846-649165013cab8-1609ba46-9ea79a87 [none]
[debug] [2026-01-23T23:14:04.776Z] <<< [apiv2][status] GET https://cloudfunctions.googleapis.com/v2/projects/samaye-53723/locations/us-central1/operations/operation-1769210041846-649165013cab8-1609ba46-9ea79a87 200
[debug] [2026-01-23T23:14:04.776Z] <<< [apiv2][body] GET https://cloudfunctions.googleapis.com/v2/projects/samaye-53723/locations/us-central1/operations/operation-1769210041846-649165013cab8-1609ba46-9ea79a87 {"name":"projects/samaye-53723/locations/us-central1/operations/operation-1769210041846-649165013cab8-1609ba46-9ea79a87","metadata":{"@type":"type.googleapis.com/google.cloud.functions.v2.OperationMetadata","createTime":"2026-01-23T23:14:03.872885861Z","target":"projects/samaye-53723/locations/us-central1/functions/cleanupExpiredShareCodes","verb":"create","cancelRequested":false,"apiVersion":"v2","requestResource":{"@type":"type.googleapis.com/google.cloud.functions.v2.Function","name":"projects/samaye-53723/locations/us-central1/functions/cleanupExpiredShareCodes","buildConfig":{"runtime":"nodejs20","entryPoint":"cleanupExpiredShareCodes","source":{"storageSource":{"bucket":"gcf-v2-sources-222899144223-us-central1","object":"cleanupExpiredShareCodes/function-source.zip","generation":"1769210042485907"}},"environmentVariables":{"GOOGLE_NODE_RUN_SCRIPTS":""},"serviceAccount":"projects/samaye-53723/serviceAccounts/222899144223-compute@developer.gserviceaccount.com","automaticUpdatePolicy":{}},"serviceConfig":{"service":"projects/samaye-53723/locations/us-central1/services/cleanupexpiredsharecodes","timeoutSeconds":60,"environmentVariables":{"FIREBASE_CONFIG":"{\"projectId\":\"samaye-53723\",\"databaseURL\":\"https://samaye-53723-default-rtdb.firebaseio.com\",\"storageBucket\":\"samaye-53723.firebasestorage.app\"}","GCLOUD_PROJECT":"samaye-53723","EVENTARC_CLOUD_EVENT_SOURCE":"projects/samaye-53723/locations/us-central1/services/cleanupExpiredShareCodes","FUNCTION_TARGET":"cleanupExpiredShareCodes","LOG_EXECUTION_ID":"true"},"ingressSettings":"ALLOW_ALL","serviceAccountEmail":"222899144223-compute@developer.gserviceaccount.com","availableMemory":"256Mi","maxInstanceRequestConcurrency":80,"availableCpu":"1"},"labels":{"deployment-tool":"cli-firebase","deployment-scheduled":"true","firebase-functions-hash":"89e47f3b1d0c543aa4575a9637385f82657ebdad"},"environment":"GEN_2"},"stages":[{"name":"BUILD","state":"NOT_STARTED"},{"name":"SERVICE","state":"NOT_STARTED"}],"operationType":"CREATE_FUNCTION"},"done":false}
[debug] [2026-01-23T23:14:05.279Z] [create-default-us-central1-cleanupExpiredShareCodes] Retrying task index 0
[debug] [2026-01-23T23:14:05.280Z] Checked if tokens are valid: true, expires at: 1769213369243
[debug] [2026-01-23T23:14:05.280Z] Checked if tokens are valid: true, expires at: 1769213369243
[debug] [2026-01-23T23:14:05.280Z] >>> [apiv2][query] GET https://cloudfunctions.googleapis.com/v2/projects/samaye-53723/locations/us-central1/operations/operation-1769210041846-649165013cab8-1609ba46-9ea79a87 [none]
[debug] [2026-01-23T23:14:06.000Z] <<< [apiv2][status] GET https://cloudfunctions.googleapis.com/v2/projects/samaye-53723/locations/us-central1/operations/operation-1769210041846-649165013cab8-1609ba46-9ea79a87 200
[debug] [2026-01-23T23:14:06.000Z] <<< [apiv2][body] GET https://cloudfunctions.googleapis.com/v2/projects/samaye-53723/locations/us-central1/operations/operation-1769210041846-649165013cab8-1609ba46-9ea79a87 {"name":"projects/samaye-53723/locations/us-central1/operations/operation-1769210041846-649165013cab8-1609ba46-9ea79a87","metadata":{"@type":"type.googleapis.com/google.cloud.functions.v2.OperationMetadata","createTime":"2026-01-23T23:14:03.872885861Z","target":"projects/samaye-53723/locations/us-central1/functions/cleanupExpiredShareCodes","verb":"create","cancelRequested":false,"apiVersion":"v2","requestResource":{"@type":"type.googleapis.com/google.cloud.functions.v2.Function","name":"projects/samaye-53723/locations/us-central1/functions/cleanupExpiredShareCodes","buildConfig":{"runtime":"nodejs20","entryPoint":"cleanupExpiredShareCodes","source":{"storageSource":{"bucket":"gcf-v2-sources-222899144223-us-central1","object":"cleanupExpiredShareCodes/function-source.zip","generation":"1769210042485907"}},"environmentVariables":{"GOOGLE_NODE_RUN_SCRIPTS":""},"serviceAccount":"projects/samaye-53723/serviceAccounts/222899144223-compute@developer.gserviceaccount.com","automaticUpdatePolicy":{}},"serviceConfig":{"service":"projects/samaye-53723/locations/us-central1/services/cleanupexpiredsharecodes","timeoutSeconds":60,"environmentVariables":{"FIREBASE_CONFIG":"{\"projectId\":\"samaye-53723\",\"databaseURL\":\"https://samaye-53723-default-rtdb.firebaseio.com\",\"storageBucket\":\"samaye-53723.firebasestorage.app\"}","GCLOUD_PROJECT":"samaye-53723","EVENTARC_CLOUD_EVENT_SOURCE":"projects/samaye-53723/locations/us-central1/services/cleanupExpiredShareCodes","FUNCTION_TARGET":"cleanupExpiredShareCodes","LOG_EXECUTION_ID":"true"},"ingressSettings":"ALLOW_ALL","serviceAccountEmail":"222899144223-compute@developer.gserviceaccount.com","availableMemory":"256Mi","maxInstanceRequestConcurrency":80,"availableCpu":"1"},"labels":{"deployment-tool":"cli-firebase","deployment-scheduled":"true","firebase-functions-hash":"89e47f3b1d0c543aa4575a9637385f82657ebdad"},"environment":"GEN_2"},"stages":[{"name":"BUILD","state":"NOT_STARTED"},{"name":"SERVICE","state":"NOT_STARTED"}],"operationType":"CREATE_FUNCTION"},"done":false}
[debug] [2026-01-23T23:14:07.001Z] [create-default-us-central1-cleanupExpiredShareCodes] Retrying task index 0
[debug] [2026-01-23T23:14:07.002Z] Checked if tokens are valid: true, expires at: 1769213369243
[debug] [2026-01-23T23:14:07.002Z] Checked if tokens are valid: true, expires at: 1769213369243
[debug] [2026-01-23T23:14:07.002Z] >>> [apiv2][query] GET https://cloudfunctions.googleapis.com/v2/projects/samaye-53723/locations/us-central1/operations/operation-1769210041846-649165013cab8-1609ba46-9ea79a87 [none]
[debug] [2026-01-23T23:14:07.723Z] <<< [apiv2][status] GET https://cloudfunctions.googleapis.com/v2/projects/samaye-53723/locations/us-central1/operations/operation-1769210041846-649165013cab8-1609ba46-9ea79a87 200
[debug] [2026-01-23T23:14:07.724Z] <<< [apiv2][body] GET https://cloudfunctions.googleapis.com/v2/projects/samaye-53723/locations/us-central1/operations/operation-1769210041846-649165013cab8-1609ba46-9ea79a87 {"name":"projects/samaye-53723/locations/us-central1/operations/operation-1769210041846-649165013cab8-1609ba46-9ea79a87","metadata":{"@type":"type.googleapis.com/google.cloud.functions.v2.OperationMetadata","createTime":"2026-01-23T23:14:03.872885861Z","target":"projects/samaye-53723/locations/us-central1/functions/cleanupExpiredShareCodes","verb":"create","cancelRequested":false,"apiVersion":"v2","requestResource":{"@type":"type.googleapis.com/google.cloud.functions.v2.Function","name":"projects/samaye-53723/locations/us-central1/functions/cleanupExpiredShareCodes","buildConfig":{"runtime":"nodejs20","entryPoint":"cleanupExpiredShareCodes","source":{"storageSource":{"bucket":"gcf-v2-sources-222899144223-us-central1","object":"cleanupExpiredShareCodes/function-source.zip","generation":"1769210042485907"}},"environmentVariables":{"GOOGLE_NODE_RUN_SCRIPTS":""},"serviceAccount":"projects/samaye-53723/serviceAccounts/222899144223-compute@developer.gserviceaccount.com","automaticUpdatePolicy":{}},"serviceConfig":{"service":"projects/samaye-53723/locations/us-central1/services/cleanupexpiredsharecodes","timeoutSeconds":60,"environmentVariables":{"FIREBASE_CONFIG":"{\"projectId\":\"samaye-53723\",\"databaseURL\":\"https://samaye-53723-default-rtdb.firebaseio.com\",\"storageBucket\":\"samaye-53723.firebasestorage.app\"}","GCLOUD_PROJECT":"samaye-53723","EVENTARC_CLOUD_EVENT_SOURCE":"projects/samaye-53723/locations/us-central1/services/cleanupExpiredShareCodes","FUNCTION_TARGET":"cleanupExpiredShareCodes","LOG_EXECUTION_ID":"true"},"ingressSettings":"ALLOW_ALL","serviceAccountEmail":"222899144223-compute@developer.gserviceaccount.com","availableMemory":"256Mi","maxInstanceRequestConcurrency":80,"availableCpu":"1"},"labels":{"deployment-tool":"cli-firebase","deployment-scheduled":"true","firebase-functions-hash":"89e47f3b1d0c543aa4575a9637385f82657ebdad"},"environment":"GEN_2"},"stages":[{"name":"BUILD","state":"NOT_STARTED"},{"name":"SERVICE","state":"NOT_STARTED"}],"operationType":"CREATE_FUNCTION"},"done":false}
[debug] [2026-01-23T23:14:09.725Z] [create-default-us-central1-cleanupExpiredShareCodes] Retrying task index 0
[debug] [2026-01-23T23:14:09.726Z] Checked if tokens are valid: true, expires at: 1769213369243
[debug] [2026-01-23T23:14:09.726Z] Checked if tokens are valid: true, expires at: 1769213369243
[debug] [2026-01-23T23:14:09.726Z] >>> [apiv2][query] GET https://cloudfunctions.googleapis.com/v2/projects/samaye-53723/locations/us-central1/operations/operation-1769210041846-649165013cab8-1609ba46-9ea79a87 [none]
[debug] [2026-01-23T23:14:10.412Z] <<< [apiv2][status] GET https://cloudfunctions.googleapis.com/v2/projects/samaye-53723/locations/us-central1/operations/operation-1769210041846-649165013cab8-1609ba46-9ea79a87 200
[debug] [2026-01-23T23:14:10.412Z] <<< [apiv2][body] GET https://cloudfunctions.googleapis.com/v2/projects/samaye-53723/locations/us-central1/operations/operation-1769210041846-649165013cab8-1609ba46-9ea79a87 {"name":"projects/samaye-53723/locations/us-central1/operations/operation-1769210041846-649165013cab8-1609ba46-9ea79a87","metadata":{"@type":"type.googleapis.com/google.cloud.functions.v2.OperationMetadata","createTime":"2026-01-23T23:14:03.872885861Z","target":"projects/samaye-53723/locations/us-central1/functions/cleanupExpiredShareCodes","verb":"create","cancelRequested":false,"apiVersion":"v2","requestResource":{"@type":"type.googleapis.com/google.cloud.functions.v2.Function","name":"projects/samaye-53723/locations/us-central1/functions/cleanupExpiredShareCodes","buildConfig":{"runtime":"nodejs20","entryPoint":"cleanupExpiredShareCodes","source":{"storageSource":{"bucket":"gcf-v2-sources-222899144223-us-central1","object":"cleanupExpiredShareCodes/function-source.zip","generation":"1769210042485907"}},"environmentVariables":{"GOOGLE_NODE_RUN_SCRIPTS":""},"serviceAccount":"projects/samaye-53723/serviceAccounts/222899144223-compute@developer.gserviceaccount.com","automaticUpdatePolicy":{}},"serviceConfig":{"service":"projects/samaye-53723/locations/us-central1/services/cleanupexpiredsharecodes","timeoutSeconds":60,"environmentVariables":{"FIREBASE_CONFIG":"{\"projectId\":\"samaye-53723\",\"databaseURL\":\"https://samaye-53723-default-rtdb.firebaseio.com\",\"storageBucket\":\"samaye-53723.firebasestorage.app\"}","GCLOUD_PROJECT":"samaye-53723","EVENTARC_CLOUD_EVENT_SOURCE":"projects/samaye-53723/locations/us-central1/services/cleanupExpiredShareCodes","FUNCTION_TARGET":"cleanupExpiredShareCodes","LOG_EXECUTION_ID":"true"},"ingressSettings":"ALLOW_ALL","serviceAccountEmail":"222899144223-compute@developer.gserviceaccount.com","availableMemory":"256Mi","maxInstanceRequestConcurrency":80,"availableCpu":"1"},"labels":{"deployment-tool":"cli-firebase","deployment-scheduled":"true","firebase-functions-hash":"89e47f3b1d0c543aa4575a9637385f82657ebdad"},"environment":"GEN_2"},"stages":[{"name":"BUILD","state":"NOT_STARTED"},{"name":"SERVICE","state":"NOT_STARTED"}],"operationType":"CREATE_FUNCTION"},"done":false}
[debug] [2026-01-23T23:14:14.413Z] [create-default-us-central1-cleanupExpiredShareCodes] Retrying task index 0
[debug] [2026-01-23T23:14:14.414Z] Checked if tokens are valid: true, expires at: 1769213369243
[debug] [2026-01-23T23:14:14.414Z] Checked if tokens are valid: true, expires at: 1769213369243
[debug] [2026-01-23T23:14:14.414Z] >>> [apiv2][query] GET https://cloudfunctions.googleapis.com/v2/projects/samaye-53723/locations/us-central1/operations/operation-1769210041846-649165013cab8-1609ba46-9ea79a87 [none]
[debug] [2026-01-23T23:14:15.220Z] <<< [apiv2][status] GET https://cloudfunctions.googleapis.com/v2/projects/samaye-53723/locations/us-central1/operations/operation-1769210041846-649165013cab8-1609ba46-9ea79a87 200
[debug] [2026-01-23T23:14:15.220Z] <<< [apiv2][body] GET https://cloudfunctions.googleapis.com/v2/projects/samaye-53723/locations/us-central1/operations/operation-1769210041846-649165013cab8-1609ba46-9ea79a87 {"name":"projects/samaye-53723/locations/us-central1/operations/operation-1769210041846-649165013cab8-1609ba46-9ea79a87","metadata":{"@type":"type.googleapis.com/google.cloud.functions.v2.OperationMetadata","createTime":"2026-01-23T23:14:03.872885861Z","target":"projects/samaye-53723/locations/us-central1/functions/cleanupExpiredShareCodes","verb":"create","cancelRequested":false,"apiVersion":"v2","requestResource":{"@type":"type.googleapis.com/google.cloud.functions.v2.Function","name":"projects/samaye-53723/locations/us-central1/functions/cleanupExpiredShareCodes","buildConfig":{"runtime":"nodejs20","entryPoint":"cleanupExpiredShareCodes","source":{"storageSource":{"bucket":"gcf-v2-sources-222899144223-us-central1","object":"cleanupExpiredShareCodes/function-source.zip","generation":"1769210042485907"}},"environmentVariables":{"GOOGLE_NODE_RUN_SCRIPTS":""},"serviceAccount":"projects/samaye-53723/serviceAccounts/222899144223-compute@developer.gserviceaccount.com","automaticUpdatePolicy":{}},"serviceConfig":{"service":"projects/samaye-53723/locations/us-central1/services/cleanupexpiredsharecodes","timeoutSeconds":60,"environmentVariables":{"FIREBASE_CONFIG":"{\"projectId\":\"samaye-53723\",\"databaseURL\":\"https://samaye-53723-default-rtdb.firebaseio.com\",\"storageBucket\":\"samaye-53723.firebasestorage.app\"}","GCLOUD_PROJECT":"samaye-53723","EVENTARC_CLOUD_EVENT_SOURCE":"projects/samaye-53723/locations/us-central1/services/cleanupExpiredShareCodes","FUNCTION_TARGET":"cleanupExpiredShareCodes","LOG_EXECUTION_ID":"true"},"ingressSettings":"ALLOW_ALL","serviceAccountEmail":"222899144223-compute@developer.gserviceaccount.com","availableMemory":"256Mi","maxInstanceRequestConcurrency":80,"availableCpu":"1"},"labels":{"deployment-tool":"cli-firebase","deployment-scheduled":"true","firebase-functions-hash":"89e47f3b1d0c543aa4575a9637385f82657ebdad"},"environment":"GEN_2"},"stages":[{"name":"BUILD","message":"Build in progress","state":"IN_PROGRESS","resource":"projects/222899144223/locations/us-central1/builds/5249055a-3b89-4943-841d-a61fbbbc5848","resourceUri":"https://console.cloud.google.com/cloud-build/builds;region=us-central1/5249055a-3b89-4943-841d-a61fbbbc5848?project=222899144223"},{"name":"SERVICE","state":"NOT_STARTED"}],"operationType":"CREATE_FUNCTION","buildName":"projects/222899144223/locations/us-central1/builds/5249055a-3b89-4943-841d-a61fbbbc5848"},"done":false}
[debug] [2026-01-23T23:14:23.221Z] [create-default-us-central1-cleanupExpiredShareCodes] Retrying task index 0
[debug] [2026-01-23T23:14:23.223Z] Checked if tokens are valid: true, expires at: 1769213369243
[debug] [2026-01-23T23:14:23.223Z] Checked if tokens are valid: true, expires at: 1769213369243
[debug] [2026-01-23T23:14:23.223Z] >>> [apiv2][query] GET https://cloudfunctions.googleapis.com/v2/projects/samaye-53723/locations/us-central1/operations/operation-1769210041846-649165013cab8-1609ba46-9ea79a87 [none]
[debug] [2026-01-23T23:14:23.919Z] <<< [apiv2][status] GET https://cloudfunctions.googleapis.com/v2/projects/samaye-53723/locations/us-central1/operations/operation-1769210041846-649165013cab8-1609ba46-9ea79a87 200
[debug] [2026-01-23T23:14:23.919Z] <<< [apiv2][body] GET https://cloudfunctions.googleapis.com/v2/projects/samaye-53723/locations/us-central1/operations/operation-1769210041846-649165013cab8-1609ba46-9ea79a87 {"name":"projects/samaye-53723/locations/us-central1/operations/operation-1769210041846-649165013cab8-1609ba46-9ea79a87","metadata":{"@type":"type.googleapis.com/google.cloud.functions.v2.OperationMetadata","createTime":"2026-01-23T23:14:03.872885861Z","target":"projects/samaye-53723/locations/us-central1/functions/cleanupExpiredShareCodes","verb":"create","cancelRequested":false,"apiVersion":"v2","requestResource":{"@type":"type.googleapis.com/google.cloud.functions.v2.Function","name":"projects/samaye-53723/locations/us-central1/functions/cleanupExpiredShareCodes","buildConfig":{"runtime":"nodejs20","entryPoint":"cleanupExpiredShareCodes","source":{"storageSource":{"bucket":"gcf-v2-sources-222899144223-us-central1","object":"cleanupExpiredShareCodes/function-source.zip","generation":"1769210042485907"}},"environmentVariables":{"GOOGLE_NODE_RUN_SCRIPTS":""},"serviceAccount":"projects/samaye-53723/serviceAccounts/222899144223-compute@developer.gserviceaccount.com","automaticUpdatePolicy":{}},"serviceConfig":{"service":"projects/samaye-53723/locations/us-central1/services/cleanupexpiredsharecodes","timeoutSeconds":60,"environmentVariables":{"FIREBASE_CONFIG":"{\"projectId\":\"samaye-53723\",\"databaseURL\":\"https://samaye-53723-default-rtdb.firebaseio.com\",\"storageBucket\":\"samaye-53723.firebasestorage.app\"}","GCLOUD_PROJECT":"samaye-53723","EVENTARC_CLOUD_EVENT_SOURCE":"projects/samaye-53723/locations/us-central1/services/cleanupExpiredShareCodes","FUNCTION_TARGET":"cleanupExpiredShareCodes","LOG_EXECUTION_ID":"true"},"ingressSettings":"ALLOW_ALL","serviceAccountEmail":"222899144223-compute@developer.gserviceaccount.com","availableMemory":"256Mi","maxInstanceRequestConcurrency":80,"availableCpu":"1"},"labels":{"deployment-tool":"cli-firebase","deployment-scheduled":"true","firebase-functions-hash":"89e47f3b1d0c543aa4575a9637385f82657ebdad"},"environment":"GEN_2"},"stages":[{"name":"BUILD","message":"Build in progress","state":"IN_PROGRESS","resource":"projects/222899144223/locations/us-central1/builds/5249055a-3b89-4943-841d-a61fbbbc5848","resourceUri":"https://console.cloud.google.com/cloud-build/builds;region=us-central1/5249055a-3b89-4943-841d-a61fbbbc5848?project=222899144223"},{"name":"SERVICE","state":"NOT_STARTED"}],"operationType":"CREATE_FUNCTION","buildName":"projects/222899144223/locations/us-central1/builds/5249055a-3b89-4943-841d-a61fbbbc5848"},"done":false}
[debug] [2026-01-23T23:14:33.921Z] [create-default-us-central1-cleanupExpiredShareCodes] Retrying task index 0
[debug] [2026-01-23T23:14:33.927Z] Checked if tokens are valid: true, expires at: 1769213369243
[debug] [2026-01-23T23:14:33.928Z] Checked if tokens are valid: true, expires at: 1769213369243
[debug] [2026-01-23T23:14:33.929Z] >>> [apiv2][query] GET https://cloudfunctions.googleapis.com/v2/projects/samaye-53723/locations/us-central1/operations/operation-1769210041846-649165013cab8-1609ba46-9ea79a87 [none]
[debug] [2026-01-23T23:14:34.124Z] <<< [apiv2][status] GET https://cloudfunctions.googleapis.com/v2/projects/samaye-53723/locations/us-central1/operations/operation-1769210041846-649165013cab8-1609ba46-9ea79a87 200
[debug] [2026-01-23T23:14:34.125Z] <<< [apiv2][body] GET https://cloudfunctions.googleapis.com/v2/projects/samaye-53723/locations/us-central1/operations/operation-1769210041846-649165013cab8-1609ba46-9ea79a87 {"name":"projects/samaye-53723/locations/us-central1/operations/operation-1769210041846-649165013cab8-1609ba46-9ea79a87","metadata":{"@type":"type.googleapis.com/google.cloud.functions.v2.OperationMetadata","createTime":"2026-01-23T23:14:03.872885861Z","target":"projects/samaye-53723/locations/us-central1/functions/cleanupExpiredShareCodes","verb":"create","cancelRequested":false,"apiVersion":"v2","requestResource":{"@type":"type.googleapis.com/google.cloud.functions.v2.Function","name":"projects/samaye-53723/locations/us-central1/functions/cleanupExpiredShareCodes","buildConfig":{"runtime":"nodejs20","entryPoint":"cleanupExpiredShareCodes","source":{"storageSource":{"bucket":"gcf-v2-sources-222899144223-us-central1","object":"cleanupExpiredShareCodes/function-source.zip","generation":"1769210042485907"}},"environmentVariables":{"GOOGLE_NODE_RUN_SCRIPTS":""},"serviceAccount":"projects/samaye-53723/serviceAccounts/222899144223-compute@developer.gserviceaccount.com","automaticUpdatePolicy":{}},"serviceConfig":{"service":"projects/samaye-53723/locations/us-central1/services/cleanupexpiredsharecodes","timeoutSeconds":60,"environmentVariables":{"FIREBASE_CONFIG":"{\"projectId\":\"samaye-53723\",\"databaseURL\":\"https://samaye-53723-default-rtdb.firebaseio.com\",\"storageBucket\":\"samaye-53723.firebasestorage.app\"}","GCLOUD_PROJECT":"samaye-53723","EVENTARC_CLOUD_EVENT_SOURCE":"projects/samaye-53723/locations/us-central1/services/cleanupExpiredShareCodes","FUNCTION_TARGET":"cleanupExpiredShareCodes","LOG_EXECUTION_ID":"true"},"ingressSettings":"ALLOW_ALL","serviceAccountEmail":"222899144223-compute@developer.gserviceaccount.com","availableMemory":"256Mi","maxInstanceRequestConcurrency":80,"availableCpu":"1"},"labels":{"deployment-tool":"cli-firebase","deployment-scheduled":"true","firebase-functions-hash":"89e47f3b1d0c543aa4575a9637385f82657ebdad"},"environment":"GEN_2"},"stages":[{"name":"BUILD","message":"Build in progress","state":"IN_PROGRESS","resource":"projects/222899144223/locations/us-central1/builds/5249055a-3b89-4943-841d-a61fbbbc5848","resourceUri":"https://console.cloud.google.com/cloud-build/builds;region=us-central1/5249055a-3b89-4943-841d-a61fbbbc5848?project=222899144223"},{"name":"SERVICE","state":"NOT_STARTED"}],"operationType":"CREATE_FUNCTION","buildName":"projects/222899144223/locations/us-central1/builds/5249055a-3b89-4943-841d-a61fbbbc5848"},"done":false}
[debug] [2026-01-23T23:14:44.126Z] [create-default-us-central1-cleanupExpiredShareCodes] Retrying task index 0
[debug] [2026-01-23T23:14:44.128Z] Checked if tokens are valid: true, expires at: 1769213369243
[debug] [2026-01-23T23:14:44.128Z] Checked if tokens are valid: true, expires at: 1769213369243
[debug] [2026-01-23T23:14:44.129Z] >>> [apiv2][query] GET https://cloudfunctions.googleapis.com/v2/projects/samaye-53723/locations/us-central1/operations/operation-1769210041846-649165013cab8-1609ba46-9ea79a87 [none]
[debug] [2026-01-23T23:14:44.958Z] <<< [apiv2][status] GET https://cloudfunctions.googleapis.com/v2/projects/samaye-53723/locations/us-central1/operations/operation-1769210041846-649165013cab8-1609ba46-9ea79a87 200
[debug] [2026-01-23T23:14:44.962Z] <<< [apiv2][body] GET https://cloudfunctions.googleapis.com/v2/projects/samaye-53723/locations/us-central1/operations/operation-1769210041846-649165013cab8-1609ba46-9ea79a87 {"name":"projects/samaye-53723/locations/us-central1/operations/operation-1769210041846-649165013cab8-1609ba46-9ea79a87","metadata":{"@type":"type.googleapis.com/google.cloud.functions.v2.OperationMetadata","createTime":"2026-01-23T23:14:03.872885861Z","target":"projects/samaye-53723/locations/us-central1/functions/cleanupExpiredShareCodes","verb":"create","cancelRequested":false,"apiVersion":"v2","requestResource":{"@type":"type.googleapis.com/google.cloud.functions.v2.Function","name":"projects/samaye-53723/locations/us-central1/functions/cleanupExpiredShareCodes","buildConfig":{"runtime":"nodejs20","entryPoint":"cleanupExpiredShareCodes","source":{"storageSource":{"bucket":"gcf-v2-sources-222899144223-us-central1","object":"cleanupExpiredShareCodes/function-source.zip","generation":"1769210042485907"}},"environmentVariables":{"GOOGLE_NODE_RUN_SCRIPTS":""},"serviceAccount":"projects/samaye-53723/serviceAccounts/222899144223-compute@developer.gserviceaccount.com","automaticUpdatePolicy":{}},"serviceConfig":{"service":"projects/samaye-53723/locations/us-central1/services/cleanupexpiredsharecodes","timeoutSeconds":60,"environmentVariables":{"FIREBASE_CONFIG":"{\"projectId\":\"samaye-53723\",\"databaseURL\":\"https://samaye-53723-default-rtdb.firebaseio.com\",\"storageBucket\":\"samaye-53723.firebasestorage.app\"}","GCLOUD_PROJECT":"samaye-53723","EVENTARC_CLOUD_EVENT_SOURCE":"projects/samaye-53723/locations/us-central1/services/cleanupExpiredShareCodes","FUNCTION_TARGET":"cleanupExpiredShareCodes","LOG_EXECUTION_ID":"true"},"ingressSettings":"ALLOW_ALL","serviceAccountEmail":"222899144223-compute@developer.gserviceaccount.com","availableMemory":"256Mi","maxInstanceRequestConcurrency":80,"availableCpu":"1"},"labels":{"deployment-tool":"cli-firebase","deployment-scheduled":"true","firebase-functions-hash":"89e47f3b1d0c543aa4575a9637385f82657ebdad"},"environment":"GEN_2"},"stages":[{"name":"BUILD","message":"Build in progress","state":"IN_PROGRESS","resource":"projects/222899144223/locations/us-central1/builds/5249055a-3b89-4943-841d-a61fbbbc5848","resourceUri":"https://console.cloud.google.com/cloud-build/builds;region=us-central1/5249055a-3b89-4943-841d-a61fbbbc5848?project=222899144223"},{"name":"SERVICE","state":"NOT_STARTED"}],"operationType":"CREATE_FUNCTION","buildName":"projects/222899144223/locations/us-central1/builds/5249055a-3b89-4943-841d-a61fbbbc5848"},"done":false}
[debug] [2026-01-23T23:14:54.962Z] [create-default-us-central1-cleanupExpiredShareCodes] Retrying task index 0
[debug] [2026-01-23T23:14:54.965Z] Checked if tokens are valid: true, expires at: 1769213369243
[debug] [2026-01-23T23:14:54.966Z] Checked if tokens are valid: true, expires at: 1769213369243
[debug] [2026-01-23T23:14:54.966Z] >>> [apiv2][query] GET https://cloudfunctions.googleapis.com/v2/projects/samaye-53723/locations/us-central1/operations/operation-1769210041846-649165013cab8-1609ba46-9ea79a87 [none]
[debug] [2026-01-23T23:14:55.651Z] <<< [apiv2][status] GET https://cloudfunctions.googleapis.com/v2/projects/samaye-53723/locations/us-central1/operations/operation-1769210041846-649165013cab8-1609ba46-9ea79a87 200
[debug] [2026-01-23T23:14:55.652Z] <<< [apiv2][body] GET https://cloudfunctions.googleapis.com/v2/projects/samaye-53723/locations/us-central1/operations/operation-1769210041846-649165013cab8-1609ba46-9ea79a87 {"name":"projects/samaye-53723/locations/us-central1/operations/operation-1769210041846-649165013cab8-1609ba46-9ea79a87","metadata":{"@type":"type.googleapis.com/google.cloud.functions.v2.OperationMetadata","createTime":"2026-01-23T23:14:03.872885861Z","target":"projects/samaye-53723/locations/us-central1/functions/cleanupExpiredShareCodes","verb":"create","cancelRequested":false,"apiVersion":"v2","requestResource":{"@type":"type.googleapis.com/google.cloud.functions.v2.Function","name":"projects/samaye-53723/locations/us-central1/functions/cleanupExpiredShareCodes","buildConfig":{"runtime":"nodejs20","entryPoint":"cleanupExpiredShareCodes","source":{"storageSource":{"bucket":"gcf-v2-sources-222899144223-us-central1","object":"cleanupExpiredShareCodes/function-source.zip","generation":"1769210042485907"}},"environmentVariables":{"GOOGLE_NODE_RUN_SCRIPTS":""},"serviceAccount":"projects/samaye-53723/serviceAccounts/222899144223-compute@developer.gserviceaccount.com","automaticUpdatePolicy":{}},"serviceConfig":{"service":"projects/samaye-53723/locations/us-central1/services/cleanupexpiredsharecodes","timeoutSeconds":60,"environmentVariables":{"FIREBASE_CONFIG":"{\"projectId\":\"samaye-53723\",\"databaseURL\":\"https://samaye-53723-default-rtdb.firebaseio.com\",\"storageBucket\":\"samaye-53723.firebasestorage.app\"}","GCLOUD_PROJECT":"samaye-53723","EVENTARC_CLOUD_EVENT_SOURCE":"projects/samaye-53723/locations/us-central1/services/cleanupExpiredShareCodes","FUNCTION_TARGET":"cleanupExpiredShareCodes","LOG_EXECUTION_ID":"true"},"ingressSettings":"ALLOW_ALL","serviceAccountEmail":"222899144223-compute@developer.gserviceaccount.com","availableMemory":"256Mi","maxInstanceRequestConcurrency":80,"availableCpu":"1"},"labels":{"deployment-tool":"cli-firebase","deployment-scheduled":"true","firebase-functions-hash":"89e47f3b1d0c543aa4575a9637385f82657ebdad"},"environment":"GEN_2"},"stages":[{"name":"BUILD","message":"Build in progress","state":"IN_PROGRESS","resource":"projects/222899144223/locations/us-central1/builds/5249055a-3b89-4943-841d-a61fbbbc5848","resourceUri":"https://console.cloud.google.com/cloud-build/builds;region=us-central1/5249055a-3b89-4943-841d-a61fbbbc5848?project=222899144223"},{"name":"SERVICE","state":"NOT_STARTED"}],"operationType":"CREATE_FUNCTION","buildName":"projects/222899144223/locations/us-central1/builds/5249055a-3b89-4943-841d-a61fbbbc5848"},"done":false}
[debug] [2026-01-23T23:15:05.656Z] [create-default-us-central1-cleanupExpiredShareCodes] Retrying task index 0
[debug] [2026-01-23T23:15:05.660Z] Checked if tokens are valid: true, expires at: 1769213369243
[debug] [2026-01-23T23:15:05.660Z] Checked if tokens are valid: true, expires at: 1769213369243
[debug] [2026-01-23T23:15:05.661Z] >>> [apiv2][query] GET https://cloudfunctions.googleapis.com/v2/projects/samaye-53723/locations/us-central1/operations/operation-1769210041846-649165013cab8-1609ba46-9ea79a87 [none]
[debug] [2026-01-23T23:15:06.468Z] <<< [apiv2][status] GET https://cloudfunctions.googleapis.com/v2/projects/samaye-53723/locations/us-central1/operations/operation-1769210041846-649165013cab8-1609ba46-9ea79a87 200
[debug] [2026-01-23T23:15:06.468Z] <<< [apiv2][body] GET https://cloudfunctions.googleapis.com/v2/projects/samaye-53723/locations/us-central1/operations/operation-1769210041846-649165013cab8-1609ba46-9ea79a87 {"name":"projects/samaye-53723/locations/us-central1/operations/operation-1769210041846-649165013cab8-1609ba46-9ea79a87","metadata":{"@type":"type.googleapis.com/google.cloud.functions.v2.OperationMetadata","createTime":"2026-01-23T23:14:03.872885861Z","target":"projects/samaye-53723/locations/us-central1/functions/cleanupExpiredShareCodes","verb":"create","cancelRequested":false,"apiVersion":"v2","requestResource":{"@type":"type.googleapis.com/google.cloud.functions.v2.Function","name":"projects/samaye-53723/locations/us-central1/functions/cleanupExpiredShareCodes","buildConfig":{"runtime":"nodejs20","entryPoint":"cleanupExpiredShareCodes","source":{"storageSource":{"bucket":"gcf-v2-sources-222899144223-us-central1","object":"cleanupExpiredShareCodes/function-source.zip","generation":"1769210042485907"}},"environmentVariables":{"GOOGLE_NODE_RUN_SCRIPTS":""},"serviceAccount":"projects/samaye-53723/serviceAccounts/222899144223-compute@developer.gserviceaccount.com","automaticUpdatePolicy":{}},"serviceConfig":{"service":"projects/samaye-53723/locations/us-central1/services/cleanupexpiredsharecodes","timeoutSeconds":60,"environmentVariables":{"FIREBASE_CONFIG":"{\"projectId\":\"samaye-53723\",\"databaseURL\":\"https://samaye-53723-default-rtdb.firebaseio.com\",\"storageBucket\":\"samaye-53723.firebasestorage.app\"}","GCLOUD_PROJECT":"samaye-53723","EVENTARC_CLOUD_EVENT_SOURCE":"projects/samaye-53723/locations/us-central1/services/cleanupExpiredShareCodes","FUNCTION_TARGET":"cleanupExpiredShareCodes","LOG_EXECUTION_ID":"true"},"ingressSettings":"ALLOW_ALL","serviceAccountEmail":"222899144223-compute@developer.gserviceaccount.com","availableMemory":"256Mi","maxInstanceRequestConcurrency":80,"availableCpu":"1"},"labels":{"deployment-tool":"cli-firebase","deployment-scheduled":"true","firebase-functions-hash":"89e47f3b1d0c543aa4575a9637385f82657ebdad"},"environment":"GEN_2"},"stages":[{"name":"BUILD","message":"Build in progress","state":"IN_PROGRESS","resource":"projects/222899144223/locations/us-central1/builds/5249055a-3b89-4943-841d-a61fbbbc5848","resourceUri":"https://console.cloud.google.com/cloud-build/builds;region=us-central1/5249055a-3b89-4943-841d-a61fbbbc5848?project=222899144223"},{"name":"SERVICE","state":"NOT_STARTED"}],"operationType":"CREATE_FUNCTION","buildName":"projects/222899144223/locations/us-central1/builds/5249055a-3b89-4943-841d-a61fbbbc5848"},"done":false}
[debug] [2026-01-23T23:15:16.469Z] [create-default-us-central1-cleanupExpiredShareCodes] Retrying task index 0
[debug] [2026-01-23T23:15:16.473Z] Checked if tokens are valid: true, expires at: 1769213369243
[debug] [2026-01-23T23:15:16.473Z] Checked if tokens are valid: true, expires at: 1769213369243
[debug] [2026-01-23T23:15:16.474Z] >>> [apiv2][query] GET https://cloudfunctions.googleapis.com/v2/projects/samaye-53723/locations/us-central1/operations/operation-1769210041846-649165013cab8-1609ba46-9ea79a87 [none]
[debug] [2026-01-23T23:15:17.274Z] <<< [apiv2][status] GET https://cloudfunctions.googleapis.com/v2/projects/samaye-53723/locations/us-central1/operations/operation-1769210041846-649165013cab8-1609ba46-9ea79a87 200
[debug] [2026-01-23T23:15:17.274Z] <<< [apiv2][body] GET https://cloudfunctions.googleapis.com/v2/projects/samaye-53723/locations/us-central1/operations/operation-1769210041846-649165013cab8-1609ba46-9ea79a87 {"name":"projects/samaye-53723/locations/us-central1/operations/operation-1769210041846-649165013cab8-1609ba46-9ea79a87","metadata":{"@type":"type.googleapis.com/google.cloud.functions.v2.OperationMetadata","createTime":"2026-01-23T23:14:03.872885861Z","target":"projects/samaye-53723/locations/us-central1/functions/cleanupExpiredShareCodes","verb":"create","cancelRequested":false,"apiVersion":"v2","requestResource":{"@type":"type.googleapis.com/google.cloud.functions.v2.Function","name":"projects/samaye-53723/locations/us-central1/functions/cleanupExpiredShareCodes","buildConfig":{"runtime":"nodejs20","entryPoint":"cleanupExpiredShareCodes","source":{"storageSource":{"bucket":"gcf-v2-sources-222899144223-us-central1","object":"cleanupExpiredShareCodes/function-source.zip","generation":"1769210042485907"}},"environmentVariables":{"GOOGLE_NODE_RUN_SCRIPTS":""},"serviceAccount":"projects/samaye-53723/serviceAccounts/222899144223-compute@developer.gserviceaccount.com","automaticUpdatePolicy":{}},"serviceConfig":{"service":"projects/samaye-53723/locations/us-central1/services/cleanupexpiredsharecodes","timeoutSeconds":60,"environmentVariables":{"FIREBASE_CONFIG":"{\"projectId\":\"samaye-53723\",\"databaseURL\":\"https://samaye-53723-default-rtdb.firebaseio.com\",\"storageBucket\":\"samaye-53723.firebasestorage.app\"}","GCLOUD_PROJECT":"samaye-53723","EVENTARC_CLOUD_EVENT_SOURCE":"projects/samaye-53723/locations/us-central1/services/cleanupExpiredShareCodes","FUNCTION_TARGET":"cleanupExpiredShareCodes","LOG_EXECUTION_ID":"true"},"ingressSettings":"ALLOW_ALL","serviceAccountEmail":"222899144223-compute@developer.gserviceaccount.com","availableMemory":"256Mi","maxInstanceRequestConcurrency":80,"availableCpu":"1"},"labels":{"deployment-tool":"cli-firebase","deployment-scheduled":"true","firebase-functions-hash":"89e47f3b1d0c543aa4575a9637385f82657ebdad"},"environment":"GEN_2"},"stages":[{"name":"BUILD","message":"Build finished","state":"COMPLETE","resource":"projects/222899144223/locations/us-central1/builds/5249055a-3b89-4943-841d-a61fbbbc5848","resourceUri":"https://console.cloud.google.com/cloud-build/builds;region=us-central1/5249055a-3b89-4943-841d-a61fbbbc5848?project=222899144223"},{"name":"SERVICE","message":"Creating Cloud Run service","state":"IN_PROGRESS","resource":"projects/samaye-53723/locations/us-central1/services/cleanupexpiredsharecodes","resourceUri":"https://console.cloud.google.com/run/detail/us-central1/cleanupexpiredsharecodes?project=samaye-53723"}],"sourceToken":"Cldwcm9qZWN0cy8yMjI4OTkxNDQyMjMvbG9jYXRpb25zL3VzLWNlbnRyYWwxL2J1aWxkcy81MjQ5MDU1YS0zYjg5LTQ5NDMtODQxZC1hNjFmYmJiYzU4NDgSeHVzLWNlbnRyYWwxLWRvY2tlci5wa2cuZGV2L3NhbWF5ZS01MzcyMy9nY2YtYXJ0aWZhY3RzL3NhbWF5ZS0tNTM3MjNfX3VzLS1jZW50cmFsMV9fY2xlYW51cF9leHBpcmVkX3NoYXJlX2NvZGVzOnZlcnNpb25fMRifjMyuvgYiTnByb2plY3RzL3NhbWF5ZS01MzcyMy9sb2NhdGlvbnMvdXMtY2VudHJhbDEvZnVuY3Rpb25zL2NsZWFudXBFeHBpcmVkU2hhcmVDb2RlcyoMCISC0MsGEIDPpIQBMghub2RlanMyMDp2CiNnY3IuaW8vZ2FlLXJ1bnRpbWVzL25vZGVqczIwOnN0YWJsZRJPdXMtY2VudHJhbDEtZG9ja2VyLnBrZy5kZXYvc2VydmVybGVzcy1ydW50aW1lcy9nb29nbGUtMjItZnVsbC9ydW50aW1lcy9ub2RlanMyMEAB","operationType":"CREATE_FUNCTION","buildName":"projects/222899144223/locations/us-central1/builds/5249055a-3b89-4943-841d-a61fbbbc5848"},"done":false}
[debug] [2026-01-23T23:15:17.275Z] Got source token Cldwcm9qZWN0cy8yMjI4OTkxNDQyMjMvbG9jYXRpb25zL3VzLWNlbnRyYWwxL2J1aWxkcy81MjQ5MDU1YS0zYjg5LTQ5NDMtODQxZC1hNjFmYmJiYzU4NDgSeHVzLWNlbnRyYWwxLWRvY2tlci5wa2cuZGV2L3NhbWF5ZS01MzcyMy9nY2YtYXJ0aWZhY3RzL3NhbWF5ZS0tNTM3MjNfX3VzLS1jZW50cmFsMV9fY2xlYW51cF9leHBpcmVkX3NoYXJlX2NvZGVzOnZlcnNpb25fMRifjMyuvgYiTnByb2plY3RzL3NhbWF5ZS01MzcyMy9sb2NhdGlvbnMvdXMtY2VudHJhbDEvZnVuY3Rpb25zL2NsZWFudXBFeHBpcmVkU2hhcmVDb2RlcyoMCISC0MsGEIDPpIQBMghub2RlanMyMDp2CiNnY3IuaW8vZ2FlLXJ1bnRpbWVzL25vZGVqczIwOnN0YWJsZRJPdXMtY2VudHJhbDEtZG9ja2VyLnBrZy5kZXYvc2VydmVybGVzcy1ydW50aW1lcy9nb29nbGUtMjItZnVsbC9ydW50aW1lcy9ub2RlanMyMEAB for region us-central1
[debug] [2026-01-23T23:15:27.277Z] [create-default-us-central1-cleanupExpiredShareCodes] Retrying task index 0
[debug] [2026-01-23T23:15:27.278Z] Checked if tokens are valid: true, expires at: 1769213369243
[debug] [2026-01-23T23:15:27.278Z] Checked if tokens are valid: true, expires at: 1769213369243
[debug] [2026-01-23T23:15:27.279Z] >>> [apiv2][query] GET https://cloudfunctions.googleapis.com/v2/projects/samaye-53723/locations/us-central1/operations/operation-1769210041846-649165013cab8-1609ba46-9ea79a87 [none]
[debug] [2026-01-23T23:15:27.995Z] <<< [apiv2][status] GET https://cloudfunctions.googleapis.com/v2/projects/samaye-53723/locations/us-central1/operations/operation-1769210041846-649165013cab8-1609ba46-9ea79a87 200
[debug] [2026-01-23T23:15:27.996Z] <<< [apiv2][body] GET https://cloudfunctions.googleapis.com/v2/projects/samaye-53723/locations/us-central1/operations/operation-1769210041846-649165013cab8-1609ba46-9ea79a87 {"name":"projects/samaye-53723/locations/us-central1/operations/operation-1769210041846-649165013cab8-1609ba46-9ea79a87","metadata":{"@type":"type.googleapis.com/google.cloud.functions.v2.OperationMetadata","createTime":"2026-01-23T23:14:03.872885861Z","endTime":"2026-01-23T23:15:24.581874939Z","target":"projects/samaye-53723/locations/us-central1/functions/cleanupExpiredShareCodes","verb":"create","cancelRequested":false,"apiVersion":"v2","requestResource":{"@type":"type.googleapis.com/google.cloud.functions.v2.Function","name":"projects/samaye-53723/locations/us-central1/functions/cleanupExpiredShareCodes","buildConfig":{"runtime":"nodejs20","entryPoint":"cleanupExpiredShareCodes","source":{"storageSource":{"bucket":"gcf-v2-sources-222899144223-us-central1","object":"cleanupExpiredShareCodes/function-source.zip","generation":"1769210042485907"}},"environmentVariables":{"GOOGLE_NODE_RUN_SCRIPTS":""},"serviceAccount":"projects/samaye-53723/serviceAccounts/222899144223-compute@developer.gserviceaccount.com","automaticUpdatePolicy":{}},"serviceConfig":{"service":"projects/samaye-53723/locations/us-central1/services/cleanupexpiredsharecodes","timeoutSeconds":60,"environmentVariables":{"FIREBASE_CONFIG":"{\"projectId\":\"samaye-53723\",\"databaseURL\":\"https://samaye-53723-default-rtdb.firebaseio.com\",\"storageBucket\":\"samaye-53723.firebasestorage.app\"}","GCLOUD_PROJECT":"samaye-53723","EVENTARC_CLOUD_EVENT_SOURCE":"projects/samaye-53723/locations/us-central1/services/cleanupExpiredShareCodes","FUNCTION_TARGET":"cleanupExpiredShareCodes","LOG_EXECUTION_ID":"true"},"ingressSettings":"ALLOW_ALL","serviceAccountEmail":"222899144223-compute@developer.gserviceaccount.com","availableMemory":"256Mi","maxInstanceRequestConcurrency":80,"availableCpu":"1"},"labels":{"deployment-tool":"cli-firebase","deployment-scheduled":"true","firebase-functions-hash":"89e47f3b1d0c543aa4575a9637385f82657ebdad"},"environment":"GEN_2"},"stages":[{"name":"BUILD","message":"Build finished","state":"COMPLETE","resource":"projects/222899144223/locations/us-central1/builds/5249055a-3b89-4943-841d-a61fbbbc5848","resourceUri":"https://console.cloud.google.com/cloud-build/builds;region=us-central1/5249055a-3b89-4943-841d-a61fbbbc5848?project=222899144223"},{"name":"SERVICE","message":"Creating Cloud Run service","state":"COMPLETE","resource":"projects/samaye-53723/locations/us-central1/services/cleanupexpiredsharecodes","resourceUri":"https://console.cloud.google.com/run/detail/us-central1/cleanupexpiredsharecodes?project=samaye-53723"}],"sourceToken":"Cldwcm9qZWN0cy8yMjI4OTkxNDQyMjMvbG9jYXRpb25zL3VzLWNlbnRyYWwxL2J1aWxkcy81MjQ5MDU1YS0zYjg5LTQ5NDMtODQxZC1hNjFmYmJiYzU4NDgSeHVzLWNlbnRyYWwxLWRvY2tlci5wa2cuZGV2L3NhbWF5ZS01MzcyMy9nY2YtYXJ0aWZhY3RzL3NhbWF5ZS0tNTM3MjNfX3VzLS1jZW50cmFsMV9fY2xlYW51cF9leHBpcmVkX3NoYXJlX2NvZGVzOnZlcnNpb25fMRifjMyuvgYiTnByb2plY3RzL3NhbWF5ZS01MzcyMy9sb2NhdGlvbnMvdXMtY2VudHJhbDEvZnVuY3Rpb25zL2NsZWFudXBFeHBpcmVkU2hhcmVDb2RlcyoMCISC0MsGEIDPpIQBMghub2RlanMyMDp2CiNnY3IuaW8vZ2FlLXJ1bnRpbWVzL25vZGVqczIwOnN0YWJsZRJPdXMtY2VudHJhbDEtZG9ja2VyLnBrZy5kZXYvc2VydmVybGVzcy1ydW50aW1lcy9nb29nbGUtMjItZnVsbC9ydW50aW1lcy9ub2RlanMyMEAB","operationType":"CREATE_FUNCTION","buildName":"projects/222899144223/locations/us-central1/builds/5249055a-3b89-4943-841d-a61fbbbc5848"},"done":true,"response":{"@type":"type.googleapis.com/google.cloud.functions.v2.Function","name":"projects/samaye-53723/locations/us-central1/functions/cleanupExpiredShareCodes","buildConfig":{"build":"projects/222899144223/locations/us-central1/builds/5249055a-3b89-4943-841d-a61fbbbc5848","runtime":"nodejs20","entryPoint":"cleanupExpiredShareCodes","source":{"storageSource":{"bucket":"gcf-v2-sources-222899144223-us-central1","object":"cleanupExpiredShareCodes/function-source.zip","generation":"1769210042485907"}},"environmentVariables":{"GOOGLE_NODE_RUN_SCRIPTS":""},"dockerRepository":"projects/samaye-53723/locations/us-central1/repositories/gcf-artifacts","sourceProvenance":{"resolvedStorageSource":{"bucket":"gcf-v2-sources-222899144223-us-central1","object":"cleanupExpiredShareCodes/function-source.zip","generation":"1769210042485907"}},"dockerRegistry":"ARTIFACT_REGISTRY","serviceAccount":"projects/samaye-53723/serviceAccounts/222899144223-compute@developer.gserviceaccount.com","automaticUpdatePolicy":{}},"serviceConfig":{"service":"projects/samaye-53723/locations/us-central1/services/cleanupexpiredsharecodes","timeoutSeconds":60,"environmentVariables":{"FIREBASE_CONFIG":"{\"projectId\":\"samaye-53723\",\"databaseURL\":\"https://samaye-53723-default-rtdb.firebaseio.com\",\"storageBucket\":\"samaye-53723.firebasestorage.app\"}","GCLOUD_PROJECT":"samaye-53723","EVENTARC_CLOUD_EVENT_SOURCE":"projects/samaye-53723/locations/us-central1/services/cleanupExpiredShareCodes","FUNCTION_TARGET":"cleanupExpiredShareCodes","LOG_EXECUTION_ID":"true"},"ingressSettings":"ALLOW_ALL","uri":"https://cleanupexpiredsharecodes-ugola6hqha-uc.a.run.app","serviceAccountEmail":"222899144223-compute@developer.gserviceaccount.com","availableMemory":"256Mi","allTrafficOnLatestRevision":true,"revision":"cleanupexpiredsharecodes-00001-vib","maxInstanceRequestConcurrency":80,"availableCpu":"1"},"state":"ACTIVE","updateTime":"2026-01-23T23:14:03.868905921Z","labels":{"deployment-tool":"cli-firebase","deployment-scheduled":"true","firebase-functions-hash":"89e47f3b1d0c543aa4575a9637385f82657ebdad"},"environment":"GEN_2","url":"https://us-central1-samaye-53723.cloudfunctions.net/cleanupExpiredShareCodes","createTime":"2026-01-23T23:14:03.868905921Z","satisfiesPzi":true}}
[debug] [2026-01-23T23:15:27.996Z] Got source token Cldwcm9qZWN0cy8yMjI4OTkxNDQyMjMvbG9jYXRpb25zL3VzLWNlbnRyYWwxL2J1aWxkcy81MjQ5MDU1YS0zYjg5LTQ5NDMtODQxZC1hNjFmYmJiYzU4NDgSeHVzLWNlbnRyYWwxLWRvY2tlci5wa2cuZGV2L3NhbWF5ZS01MzcyMy9nY2YtYXJ0aWZhY3RzL3NhbWF5ZS0tNTM3MjNfX3VzLS1jZW50cmFsMV9fY2xlYW51cF9leHBpcmVkX3NoYXJlX2NvZGVzOnZlcnNpb25fMRifjMyuvgYiTnByb2plY3RzL3NhbWF5ZS01MzcyMy9sb2NhdGlvbnMvdXMtY2VudHJhbDEvZnVuY3Rpb25zL2NsZWFudXBFeHBpcmVkU2hhcmVDb2RlcyoMCISC0MsGEIDPpIQBMghub2RlanMyMDp2CiNnY3IuaW8vZ2FlLXJ1bnRpbWVzL25vZGVqczIwOnN0YWJsZRJPdXMtY2VudHJhbDEtZG9ja2VyLnBrZy5kZXYvc2VydmVybGVzcy1ydW50aW1lcy9nb29nbGUtMjItZnVsbC9ydW50aW1lcy9ub2RlanMyMEAB for region us-central1
[debug] [2026-01-23T23:15:27.999Z] Checked if tokens are valid: true, expires at: 1769213369243
[debug] [2026-01-23T23:15:27.999Z] Checked if tokens are valid: true, expires at: 1769213369243
[debug] [2026-01-23T23:15:27.999Z] >>> [apiv2][query] GET https://compute.googleapis.com/compute/v1/projects/222899144223 [none]
[debug] [2026-01-23T23:15:28.185Z] <<< [apiv2][status] GET https://compute.googleapis.com/compute/v1/projects/222899144223 403
[debug] [2026-01-23T23:15:28.185Z] <<< [apiv2][body] GET https://compute.googleapis.com/compute/v1/projects/222899144223 {"error":{"code":403,"message":"Compute Engine API has not been used in project 222899144223 before or it is disabled. Enable it by visiting https://console.developers.google.com/apis/api/compute.googleapis.com/overview?project=222899144223 then retry. If you enabled this API recently, wait a few minutes for the action to propagate to our systems and retry.","errors":[{"message":"Compute Engine API has not been used in project 222899144223 before or it is disabled. Enable it by visiting https://console.developers.google.com/apis/api/compute.googleapis.com/overview?project=222899144223 then retry. If you enabled this API recently, wait a few minutes for the action to propagate to our systems and retry.","domain":"usageLimits","reason":"accessNotConfigured","extendedHelp":"https://console.developers.google.com"}],"status":"PERMISSION_DENIED","details":[{"@type":"type.googleapis.com/google.rpc.ErrorInfo","reason":"SERVICE_DISABLED","domain":"googleapis.com","metadata":{"serviceTitle":"Compute Engine API","containerInfo":"222899144223","activationUrl":"https://console.developers.google.com/apis/api/compute.googleapis.com/overview?project=222899144223","service":"compute.googleapis.com","consumer":"projects/222899144223"}},{"@type":"type.googleapis.com/google.rpc.LocalizedMessage","locale":"en-US","message":"Compute Engine API has not been used in project 222899144223 before or it is disabled. Enable it by visiting https://console.developers.google.com/apis/api/compute.googleapis.com/overview?project=222899144223 then retry. If you enabled this API recently, wait a few minutes for the action to propagate to our systems and retry."},{"@type":"type.googleapis.com/google.rpc.Help","links":[{"description":"Google developers console API activation","url":"https://console.developers.google.com/apis/api/compute.googleapis.com/overview?project=222899144223"}]}]}}
[debug] [2026-01-23T23:15:28.185Z] unable to look up default compute service account. Falling back to 222899144223-compute@developer.gserviceaccount.com. Error: {"name":"FirebaseError","children":[],"context":{"body":{"error":{"code":403,"message":"Compute Engine API has not been used in project 222899144223 before or it is disabled. Enable it by visiting https://console.developers.google.com/apis/api/compute.googleapis.com/overview?project=222899144223 then retry. If you enabled this API recently, wait a few minutes for the action to propagate to our systems and retry.","errors":[{"message":"Compute Engine API has not been used in project 222899144223 before or it is disabled. Enable it by visiting https://console.developers.google.com/apis/api/compute.googleapis.com/overview?project=222899144223 then retry. If you enabled this API recently, wait a few minutes for the action to propagate to our systems and retry.","domain":"usageLimits","reason":"accessNotConfigured","extendedHelp":"https://console.developers.google.com"}],"status":"PERMISSION_DENIED","details":[{"@type":"type.googleapis.com/google.rpc.ErrorInfo","reason":"SERVICE_DISABLED","domain":"googleapis.com","metadata":{"serviceTitle":"Compute Engine API","containerInfo":"222899144223","activationUrl":"https://console.developers.google.com/apis/api/compute.googleapis.com/overview?project=222899144223","service":"compute.googleapis.com","consumer":"projects/222899144223"}},{"@type":"type.googleapis.com/google.rpc.LocalizedMessage","locale":"en-US","message":"Compute Engine API has not been used in project 222899144223 before or it is disabled. Enable it by visiting https://console.developers.google.com/apis/api/compute.googleapis.com/overview?project=222899144223 then retry. If you enabled this API recently, wait a few minutes for the action to propagate to our systems and retry."},{"@type":"type.googleapis.com/google.rpc.Help","links":[{"description":"Google developers console API activation","url":"https://console.developers.google.com/apis/api/compute.googleapis.com/overview?project=222899144223"}]}]}},"response":{"statusCode":403}},"exit":1,"message":"Request to https://compute.googleapis.com/compute/v1/projects/222899144223 had HTTP Error: 403, Compute Engine API has not been used in project 222899144223 before or it is disabled. Enable it by visiting https://console.developers.google.com/apis/api/compute.googleapis.com/overview?project=222899144223 then retry. If you enabled this API recently, wait a few minutes for the action to propagate to our systems and retry.","status":403}
[debug] [2026-01-23T23:15:28.187Z] Checked if tokens are valid: true, expires at: 1769213369243
[debug] [2026-01-23T23:15:28.187Z] Checked if tokens are valid: true, expires at: 1769213369243
[debug] [2026-01-23T23:15:28.187Z] >>> [apiv2][query] POST https://run.googleapis.com/v1/projects/samaye-53723/locations/us-central1/services/cleanupexpiredsharecodes:setIamPolicy [none]
[debug] [2026-01-23T23:15:28.187Z] >>> [apiv2][body] POST https://run.googleapis.com/v1/projects/samaye-53723/locations/us-central1/services/cleanupexpiredsharecodes:setIamPolicy {"policy":{"bindings":[{"role":"roles/run.invoker","members":["serviceAccount:222899144223-compute@developer.gserviceaccount.com"]}],"etag":"","version":3},"updateMask":"bindings,etag,version"}
[debug] [2026-01-23T23:15:29.073Z] <<< [apiv2][status] POST https://run.googleapis.com/v1/projects/samaye-53723/locations/us-central1/services/cleanupexpiredsharecodes:setIamPolicy 200
[debug] [2026-01-23T23:15:29.073Z] <<< [apiv2][body] POST https://run.googleapis.com/v1/projects/samaye-53723/locations/us-central1/services/cleanupexpiredsharecodes:setIamPolicy {"version":1,"etag":"BwZJFlVFuis=","bindings":[{"role":"roles/run.invoker","members":["serviceAccount:222899144223-compute@developer.gserviceaccount.com"]}]}
[debug] [2026-01-23T23:15:29.074Z] Checked if tokens are valid: true, expires at: 1769213369243
[debug] [2026-01-23T23:15:29.074Z] Checked if tokens are valid: true, expires at: 1769213369243
[debug] [2026-01-23T23:15:29.074Z] >>> [apiv2][query] GET https://compute.googleapis.com/compute/v1/projects/222899144223 [none]
[debug] [2026-01-23T23:15:29.216Z] <<< [apiv2][status] GET https://compute.googleapis.com/compute/v1/projects/222899144223 403
[debug] [2026-01-23T23:15:29.216Z] <<< [apiv2][body] GET https://compute.googleapis.com/compute/v1/projects/222899144223 {"error":{"code":403,"message":"Compute Engine API has not been used in project 222899144223 before or it is disabled. Enable it by visiting https://console.developers.google.com/apis/api/compute.googleapis.com/overview?project=222899144223 then retry. If you enabled this API recently, wait a few minutes for the action to propagate to our systems and retry.","errors":[{"message":"Compute Engine API has not been used in project 222899144223 before or it is disabled. Enable it by visiting https://console.developers.google.com/apis/api/compute.googleapis.com/overview?project=222899144223 then retry. If you enabled this API recently, wait a few minutes for the action to propagate to our systems and retry.","domain":"usageLimits","reason":"accessNotConfigured","extendedHelp":"https://console.developers.google.com"}],"status":"PERMISSION_DENIED","details":[{"@type":"type.googleapis.com/google.rpc.ErrorInfo","reason":"SERVICE_DISABLED","domain":"googleapis.com","metadata":{"containerInfo":"222899144223","service":"compute.googleapis.com","consumer":"projects/222899144223","activationUrl":"https://console.developers.google.com/apis/api/compute.googleapis.com/overview?project=222899144223","serviceTitle":"Compute Engine API"}},{"@type":"type.googleapis.com/google.rpc.LocalizedMessage","locale":"en-US","message":"Compute Engine API has not been used in project 222899144223 before or it is disabled. Enable it by visiting https://console.developers.google.com/apis/api/compute.googleapis.com/overview?project=222899144223 then retry. If you enabled this API recently, wait a few minutes for the action to propagate to our systems and retry."},{"@type":"type.googleapis.com/google.rpc.Help","links":[{"description":"Google developers console API activation","url":"https://console.developers.google.com/apis/api/compute.googleapis.com/overview?project=222899144223"}]}]}}
[debug] [2026-01-23T23:15:29.216Z] unable to look up default compute service account. Falling back to 222899144223-compute@developer.gserviceaccount.com. Error: {"name":"FirebaseError","children":[],"context":{"body":{"error":{"code":403,"message":"Compute Engine API has not been used in project 222899144223 before or it is disabled. Enable it by visiting https://console.developers.google.com/apis/api/compute.googleapis.com/overview?project=222899144223 then retry. If you enabled this API recently, wait a few minutes for the action to propagate to our systems and retry.","errors":[{"message":"Compute Engine API has not been used in project 222899144223 before or it is disabled. Enable it by visiting https://console.developers.google.com/apis/api/compute.googleapis.com/overview?project=222899144223 then retry. If you enabled this API recently, wait a few minutes for the action to propagate to our systems and retry.","domain":"usageLimits","reason":"accessNotConfigured","extendedHelp":"https://console.developers.google.com"}],"status":"PERMISSION_DENIED","details":[{"@type":"type.googleapis.com/google.rpc.ErrorInfo","reason":"SERVICE_DISABLED","domain":"googleapis.com","metadata":{"containerInfo":"222899144223","service":"compute.googleapis.com","consumer":"projects/222899144223","activationUrl":"https://console.developers.google.com/apis/api/compute.googleapis.com/overview?project=222899144223","serviceTitle":"Compute Engine API"}},{"@type":"type.googleapis.com/google.rpc.LocalizedMessage","locale":"en-US","message":"Compute Engine API has not been used in project 222899144223 before or it is disabled. Enable it by visiting https://console.developers.google.com/apis/api/compute.googleapis.com/overview?project=222899144223 then retry. If you enabled this API recently, wait a few minutes for the action to propagate to our systems and retry."},{"@type":"type.googleapis.com/google.rpc.Help","links":[{"description":"Google developers console API activation","url":"https://console.developers.google.com/apis/api/compute.googleapis.com/overview?project=222899144223"}]}]}},"response":{"statusCode":403}},"exit":1,"message":"Request to https://compute.googleapis.com/compute/v1/projects/222899144223 had HTTP Error: 403, Compute Engine API has not been used in project 222899144223 before or it is disabled. Enable it by visiting https://console.developers.google.com/apis/api/compute.googleapis.com/overview?project=222899144223 then retry. If you enabled this API recently, wait a few minutes for the action to propagate to our systems and retry.","status":403}
[debug] [2026-01-23T23:15:29.216Z] Checked if tokens are valid: true, expires at: 1769213369243
[debug] [2026-01-23T23:15:29.216Z] Checked if tokens are valid: true, expires at: 1769213369243
[debug] [2026-01-23T23:15:29.216Z] >>> [apiv2][query] GET https://cloudscheduler.googleapis.com/v1/projects/samaye-53723/locations/us-central1/jobs/firebase-schedule-cleanupExpiredShareCodes-us-central1 [none]
[debug] [2026-01-23T23:15:29.436Z] <<< [apiv2][status] GET https://cloudscheduler.googleapis.com/v1/projects/samaye-53723/locations/us-central1/jobs/firebase-schedule-cleanupExpiredShareCodes-us-central1 404
[debug] [2026-01-23T23:15:29.436Z] <<< [apiv2][body] GET https://cloudscheduler.googleapis.com/v1/projects/samaye-53723/locations/us-central1/jobs/firebase-schedule-cleanupExpiredShareCodes-us-central1 {"error":{"code":404,"message":"Job not found.","status":"NOT_FOUND"}}
[debug] [2026-01-23T23:15:29.436Z] Checked if tokens are valid: true, expires at: 1769213369243
[debug] [2026-01-23T23:15:29.436Z] Checked if tokens are valid: true, expires at: 1769213369243
[debug] [2026-01-23T23:15:29.436Z] >>> [apiv2][query] POST https://cloudscheduler.googleapis.com/v1/projects/samaye-53723/locations/us-central1/jobs [none]
[debug] [2026-01-23T23:15:29.436Z] >>> [apiv2][body] POST https://cloudscheduler.googleapis.com/v1/projects/samaye-53723/locations/us-central1/jobs {"timeZone":"UTC","name":"projects/samaye-53723/locations/us-central1/jobs/firebase-schedule-cleanupExpiredShareCodes-us-central1","httpTarget":{"uri":"https://us-central1-samaye-53723.cloudfunctions.net/cleanupExpiredShareCodes","httpMethod":"POST","oidcToken":{"serviceAccountEmail":"222899144223-compute@developer.gserviceaccount.com"}},"schedule":"every 24 hours","retryConfig":{"maxDoublings":null,"retryCount":null,"maxBackoffDuration":null,"minBackoffDuration":null,"maxRetryDuration":null}}
